<6>Booting Linux on physical CPU 0x0
<6>Initializing cgroup subsys cpu
<5>Linux version 3.4.113-machinex-Mark78 (robcore)(gcc version 5.3.1 20160412 (crosstool-NG crosstool-ng-1.22.0-209-g986dd1e) ) #04 SMP PREEMPT Mon Jan 16 08:48:21 MST 2017
<4>CPU: ARMv7 Processor [511f06f0] revision 0 (ARMv7), cr=10c5387d
<4>CPU: PIPT / VIPT nonaliasing data cache, PIPT instruction cache
<4>Machine: SAMSUNG JF
<2>Truncating memory at 0xc0000000 to fit in 32-bit physical address space
<6>memory pool 3 (start 0xfe1ff000 size 1e00000) initialized
<6>Initialized persistent memory from 8fd00000-8fdfffff
<6>Memory policy: Data cache writealloc
<4>BUG: map for 0x81500000 at 0xc1300000 can not be mapped using pages, ignoring.
<6>socinfo_init: v7, id=153, ver=2.0, raw_id=1819, raw_ver=1819, hw_plat=8, hw_plat_ver=65536
<6> accessory_chip=0, hw_plat_subtype=1, pmic_model=25, pmic_die_revision=1
<7>On node 0 totalpages: 479487
<7>  Normal zone: 1299 pages used for memmap
<7>  Normal zone: 0 pages reserved
<7>  Normal zone: 119021 pages, LIFO batch:31
<7>  HighMem zone: 3306 pages used for memmap
<7>  HighMem zone: 355861 pages, LIFO batch:31
<6>allocating 16908288 bytes at c33f5000 (835f5000 physical) for fb
<6>PERCPU: Embedded 11 pages/cpu @c4418000 s21056 r8192 d15808 u45056
<7>pcpu-alloc: s21056 r8192 d15808 u45056 alloc=11*4096
<7>pcpu-alloc: [0] 0 [0] 1 [0] 2 [0] 3 
<4>Built 1 zonelists in Zone order, mobility grouping on.  Total pages: 478188
<5>Kernel command line: console=null androidboot.hardware=qcom user_debug=23 msm_rtb.filter=0x3F ehci-hcd.park=3 sec_log=0x100000@0xffe00008 sec_dbg=0x80000@0xfff00008 sec_debug.reset_reason=0x1a2b3c00 androidboot.warranty_bit=1 lcd_attached=1 lcd_id=0x428047 androidboot.debug_level=0x4f4c sec_debug.enable=0 sec_debug.enable_user=0 androidboot.cp_debug_level=0x55FF sec_debug.enable_cp_debug=0 cordon=4b1ead1c27bedeb2ce4db77f1084dc14 connie=SGH-I337M_NULL_CAN_ce63f494f02af34b8ce2efbc35967a64 lpj=67678 loglevel=4 samsung.hardware=SGH-I337M androidboot.emmc_checksum=3 androidboot.warranty_bit=1 androidboot.bootloader=I337MVLUGOH1 androidboot.nvdata_backup=0 androidboot.boot_recovery=0 androidboot.check_recovery_condition=0x0 level=0x574f4c44 vmalloc=450m sec_pvs=0 batt_id_value=0 diag=0 androidboot.csb_val=1 androidboot.emmc=true androidboot.serialno=670f74d8 androidboot.baseband=mdm
<6>lcd_attached_status lcd_attached
<3>sec_tsp_mode: LCD_ID = 0x428047, val: 0X428047, ret1: 0x8
<6>sec_tsp_mode : synaptics
<6>sec_bat_current_boot_mode : normal
<6>PID hash table entries: 2048 (order: 1, 8192 bytes)
<6>Dentry cache hash table entries: 65536 (order: 6, 262144 bytes)
<6>Inode-cache hash table entries: 32768 (order: 5, 131072 bytes)
<6>Memory: 124MB 73MB 18MB 255MB 1402MB = 1872MB total
<5>Memory: 1855840k/1994080k available, 62108k reserved, 1436668K highmem
<5>Virtual kernel memory layout:
<5>    vector  : 0xffff0000 - 0xffff1000   (   4 kB)
<5>    timers  : 0xfffef000 - 0xffff0000   (   4 kB)
<5>    fixmap  : 0xfff00000 - 0xfffe0000   ( 896 kB)
<5>    vmalloc : 0xe3000000 - 0xff000000   ( 448 MB)
<5>    lowmem  : 0xc0000000 - 0xe2e00000   ( 558 MB)
<5>    pkmap   : 0xbfe00000 - 0xc0000000   (   2 MB)
<5>    modules : 0xbf000000 - 0xbfe00000   (  14 MB)
<5>      .text : 0xc0008000 - 0xc129d55c   (19030 kB)
<5>      .init : 0xc1300000 - 0xc1406000   (1048 kB)
<5>      .data : 0xc1406000 - 0xc1542338   (1265 kB)
<5>       .bss : 0xc1542338 - 0xc172eee8   (1971 kB)
<6>SLUB: Genslabs=11, HWalign=64, Order=0-3, MinObjects=0, CPUs=4, Nodes=1
<6>Preemptible hierarchical RCU implementation.
<6>	RCU dyntick-idle grace-period acceleration is enabled.
<6>NR_IRQS:953
<6>tvec base lock initialized for cpu0
<6>tvec base lock initialized for cpu4
<6>hrtimer base lock initialized for cpu0
<6>sched_clock: 32 bits at 32kHz, resolution 30517ns, wraps every 131071999ms
<6>Switching to timer-based delay loop, resolution 148ns
<6>Console: colour dummy device 80x30
<6>Calibrating delay loop (skipped) preset value.. 13.53 BogoMIPS (lpj=67678)
<6>pid_max: default: 32768 minimum: 301
<6>Security Framework initialized
<6>SELinux:  Initializing.
<7>SELinux:  Starting in permissive mode
<6>Mount-cache hash table entries: 512
<6>Initializing cgroup subsys cpuacct
<6>Initializing cgroup subsys freezer
<6>CPU: Testing write buffer coherency: ok
<6>CPU0: thread -1, cpu 0, socket 0, mpidr 80000000
<6>hw perfevents: enabled with ARMv7 Krait PMU driver, 5 counters available
<6>Setting up static identity map for 0xc0d273d0 - 0xc0d2744c
<6>tvec base lock initialized for cpu1
<6>hrtimer base lock initialized for cpu1
<6>CPU1: thread -1, cpu 1, socket 0, mpidr 80000001
<6>tvec base lock initialized for cpu2
<6>hrtimer base lock initialized for cpu2
<6>CPU2: thread -1, cpu 2, socket 0, mpidr 80000002
<6>tvec base lock initialized for cpu3
<6>hrtimer base lock initialized for cpu3
<6>CPU3: thread -1, cpu 3, socket 0, mpidr 80000003
<6>Brought up 4 CPUs
<6>SMP: Total of 4 processors activated (54.14 BogoMIPS).
<6>devtmpfs: initialized
<6>VFP support v0.3: implementor 51 architecture 64 part 6f variant 1 rev 0
<6>dummy: 
<6>NET: Registered protocol family 16
<6>DMA: preallocated 256 KiB pool for atomic coherent allocations
<3>MSM_DCVS: msm_dcvs_early_init: Unable to initialize DCVS err=4
<6>meminfo_init: smem ram ptable found: ver: 0 len: 6
<6>Found 2 memory banks grouped into 16 memory regions
<6>gpiochip_add: registered GPIOs 0 to 151 on device: msmgpio
<6>socinfo_init: v7, id=153, ver=2.0, raw_id=1819, raw_ver=1819, hw_plat=8, hw_plat_ver=65536
<6> accessory_chip=0, hw_plat_subtype=1, pmic_model=25, pmic_die_revision=1
<6>msm_rpm_init: RPM firmware 3.0.16842920
<3>msm_rpm_get_status(): Status id 433 not defined for target
<3>msm_rpm_get_status(): Status id 433 not defined for target
<6>cypress gpio init in apq8064_init_gpiomux
<6>apq8064_init_gpiomux: config touch_irq config.
<6>gpio_vreg_probe: id=203, name=ext_mpp8, gpio=203, gpio_label=ext_mpp8_en
<6>gpio_vreg_probe: id=77, name=ext_3p3v, gpio=77, gpio_label=ext_3p3v_en
<6>pm8921_probe: PMIC revision 1: F1
<6>pm8921_probe: PMIC revision 2: 0C
<6>pm8921_probe: PMIC version: PM8917 rev 1.0
<6>pm8921_probe: PMIC Restart Reason: Triggered from KPD (power key press), warm boot
<6>gpiochip_add: registered GPIOs 152 to 189 on device: pm-gpio
<6>pm_gpio_probe: OK: base=152, ngpio=38
<6>gpiochip_add: registered GPIOs 196 to 205 on device: pm8xxx-mpp
<6>pm8xxx_mpp_probe: OK: base=196, ngpio=10
<6>pm8821_probe: PMIC revision 1: PM8821 rev F3
<6>pm8821_probe: PMIC revision 2: PM8821 rev 0B
<6>pm8821_probe: PMIC version: PM8821 ver 2.1
<6>gpiochip_add: registered GPIOs 208 to 211 on device: pm8xxx-mpp
<6>pm8xxx_mpp_probe: OK: base=208, ngpio=4
<6>gpio_vreg_probe: id=174, name=ext_ts_sw, gpio=174, gpio_label=ext_ts_sw_en
<6>saw_probe: id=0, name=8921_s5
<6>saw_probe: id=1, name=8921_s6
<6>saw_probe: id=2, name=8821_s0
<6>saw_probe: id=3, name=8821_s1
<6>persistent_ram: found existing buffer, size 8307, start 8307
<6>console [ram-1] enabled
<6>apq8064_init_mmc: SDC4 is for Externel SD in system_rev 10
<7>[slimbus] starting init set up : 10 0
<6>samsung sys class init.
<6>samsung sys class end.
<7>[TSP] System revision, LPM mode : 10 0
<6>[lcd] apq8064_init_fb
<7>[JC] apq8064_init_cam: In
<7>[S5K6B2YX] apq8064_init_cam: GPIO_CAM_VT_EN: 0
<6>[SSP]sensor_power_on_vdd
<3>sensor_power_on_vdd: done
<6>bcm2079x_sw_i2c_config is called
<6>[NFC] bcm2079x_init done
<6>=[ES325]=es325_start_api=====
<6>brcm_wlan_init: start
<6>brcm_init_wlan_mem: WIFI MEM Allocated
<6>hw-breakpoint: found 5 (+1 reserved) breakpoint and 4 watchpoint registers.
<6>hw-breakpoint: maximum watchpoint size is 8 bytes.
<6>Switching to clocksource gp_timer
<3>i2c i2c-4: Failed to register i2c client imx135 at 0x10 (-16)
<3>i2c i2c-4: Can't create device at 0x10
<3>i2c i2c-4: Failed to register i2c client s5k3l1yx at 0x34 (-16)
<3>i2c i2c-4: Can't create device at 0x34
<6>sps:BAM 0x12244000 (va:0xe3170000) enabled: ver:0x5, number of pipes:20
<6>sps:BAM 0x12244000 is registered.
<6>sps:sps is ready.
<3>AXI: msm_bus_fabric_init_driver(): msm_bus_fabric_init_driver
<6>bio: create slab <bio-0> at 0
<6>ION heap vmalloc created
<6>ION heap mm created at a0000000 with size 6600000
<6>ION heap mm_fw created at 9fe00000 with size 1e0000
<6>ION heap mfc created at a6600000 with size 42000
<6>ION heap iommu created
<6>ION heap qsecom created at fe1ff000 with size 1700000
<6>ION heap audio created at ff8ff000 with size 4cf000
<5>SCSI subsystem initialized
<6>++++MSM SB controller is up!
<6>sps:BAM 0x28084000 (va:0xe317c000) enabled: ver:0x12, number of pipes:31
<6>sps:BAM 0x28084000 is registered.
<6>----MSM SB controller is up!
<6>usbcore: registered new interface driver usbfs
<6>usbcore: registered new interface driver hub
<6>usbcore: registered new device driver usb
<6>input: pmic8xxx_pwrkey as /devices/platform/msm_ssbi.0/pm8921-core/pm8xxx-pwrkey/input/input0
<6>slimbus:1 laddr:0x0, EAPC:0x5:0x50
<6>wrapper slim_rxwq eaddr  0: 5:50: 0:17: 2 [laddr=0]
<6>slimbus:1 laddr:0x1, EAPC:0x1:0x50
<6>wrapper slim_rxwq eaddr  0: 1:50: 0:17: 2 [laddr=1]
<6>slimbus:1 laddr:0x2, EAPC:0x0:0x50
<6>wrapper slim_rxwq eaddr  0: 0:50: 0:17: 2 [laddr=2]
<6>slimbus:1 laddr:0x3, EAPC:0x1:0x2
<6>wrapper slim_rxwq eaddr  0: 1: 2: 0:be: 2 [laddr=3]
<6>wrapper slim_rxwq es325 eaddr recv and apply temporary workaround
<6>wrapper msm_slim_rxwq assign laddr  1 ret=0
<6>slimbus:1 laddr:0x4, EAPC:0x0:0x2
<6>wrapper msm_slim_rxwq assign laddr  0 ret=0
<6>wrapper slim_rxwq eaddr  0: 0: 2: 0:be: 2 [laddr=4]
<3>msm_slim_ctrl msm_slim_ctrl.1: Slim-dev:3 report inf element:0x0
<3>msm_slim_ctrl msm_slim_ctrl.1: offset:0x0:bit mask:8
<3>msm_slim_ctrl msm_slim_ctrl.1: Slim-dev:4 report inf element:0x400
<3>msm_slim_ctrl msm_slim_ctrl.1: offset:0x0:bit mask:8
<6>max77693-safeout max77693-safeout: max77693_pmic_probe
<6>regulator regulator.64: func:max77693_reg_enable
<6>regulator regulator.64: func:max77693_get_voltage
<6>regulator regulator.64: func:max77693_get_voltage_register
<6>regulator regulator.64: func:max77693_list_voltage_safeout
<3>Error-Bad Function Input
<6>regulator regulator.65: func:max77693_get_voltage
<6>regulator regulator.65: func:max77693_get_voltage_register
<6>regulator regulator.65: func:max77693_list_voltage_safeout
<3>Error-Bad Function Input
<6>regulator regulator.66: func:max77693_reg_enable
<6>i2c-gpio i2c-gpio.12: using pins 22 (SDA) and 23 (SCL)
<6>i2c-gpio i2c-gpio.13: using pins 205 (SDA) and 204 (SCL)
<6>i2c-gpio i2c-gpio.21: using pins 6 (SDA) and 7 (SCL)
<6>i2c-gpio i2c-gpio.17: using pins 10 (SDA) and 11 (SCL)
<6>i2c-gpio i2c-gpio.9: using pins 36 (SDA) and 37 (SCL)
<6>i2c-gpio i2c-gpio.16: using pins 33 (SDA) and 26 (SCL)
<6>i2c-gpio i2c-gpio.11: using pins 0 (SDA) and 1 (SCL)
<6>Linux media interface: v0.10
<6>Linux video capture interface: v2.00
<6>msm_iommu_dev: device vpe mapped at e3400000, with 2 ctx banks
<6>msm_iommu_dev: device mdp0 mapped at e3600000, with 2 ctx banks
<6>msm_iommu_dev: device mdp1 mapped at e3800000, with 2 ctx banks
<6>msm_iommu_dev: device rot mapped at e3a00000, with 2 ctx banks
<6>msm_iommu_dev: device ijpeg mapped at e3c00000, with 2 ctx banks
<6>msm_iommu_dev: device vfe mapped at e3e00000, with 2 ctx banks
<6>msm_iommu_dev: device vcodec_a mapped at e4000000, with 2 ctx banks
<6>msm_iommu_dev: device vcodec_b mapped at e4200000, with 2 ctx banks
<6>msm_iommu_dev: device gfx3d mapped at e4400000, with 3 ctx banks
<6>msm_iommu_dev: device jpegd mapped at e4600000, with 2 ctx banks
<6>msm_iommu_dev: device gfx3d1 mapped at e4800000, with 3 ctx banks
<6>msm_iommu_dev: device vcap mapped at e4a00000, with 2 ctx banks
<6>msm_iommu_ctx msm_iommu_ctx.2: context vpe_src using bank 0
<6>msm_iommu_ctx msm_iommu_ctx.3: context vpe_dst using bank 1
<6>msm_iommu_ctx msm_iommu_ctx.4: context mdp_port0_cb0 using bank 0
<6>msm_iommu_ctx msm_iommu_ctx.5: context mdp_port0_cb1 using bank 1
<6>msm_iommu_ctx msm_iommu_ctx.6: context mdp_port1_cb0 using bank 0
<6>msm_iommu_ctx msm_iommu_ctx.7: context mdp_port1_cb1 using bank 1
<6>msm_iommu_ctx msm_iommu_ctx.8: context rot_src using bank 0
<6>msm_iommu_ctx msm_iommu_ctx.9: context rot_dst using bank 1
<6>msm_iommu_ctx msm_iommu_ctx.10: context ijpeg_src using bank 0
<6>msm_iommu_ctx msm_iommu_ctx.11: context ijpeg_dst using bank 1
<6>msm_iommu_ctx msm_iommu_ctx.12: context vfe_imgwr using bank 0
<6>msm_iommu_ctx msm_iommu_ctx.13: context vfe_misc using bank 1
<6>msm_iommu_ctx msm_iommu_ctx.14: context vcodec_a_stream using bank 0
<6>msm_iommu_ctx msm_iommu_ctx.15: context vcodec_a_mm1 using bank 1
<6>msm_iommu_ctx msm_iommu_ctx.16: context vcodec_b_mm2 using bank 0
<6>msm_iommu_ctx msm_iommu_ctx.17: context gfx3d_user using bank 0
<6>msm_iommu_ctx msm_iommu_ctx.18: context gfx3d_priv using bank 1
<6>msm_iommu_ctx msm_iommu_ctx.0: context jpegd_src using bank 0
<6>msm_iommu_ctx msm_iommu_ctx.1: context jpegd_dst using bank 1
<6>msm_iommu_ctx msm_iommu_ctx.19: context gfx3d1_user using bank 0
<6>msm_iommu_ctx msm_iommu_ctx.20: context gfx3d1_priv using bank 1
<6>msm_iommu_ctx msm_iommu_ctx.21: context vcap_vc using bank 0
<6>msm_iommu_ctx msm_iommu_ctx.22: context vcap_vp using bank 1
<6>[SENSORS CORE] sensors_class_init
<6>Advanced Linux Sound Architecture Driver Version 1.0.25.
<6>Bluetooth: Core ver 2.16
<6>NET: Registered protocol family 31
<6>Bluetooth: HCI device and connection manager initialized
<6>Bluetooth: HCI socket layer initialized
<6>Bluetooth: L2CAP socket layer initialized
<6>Bluetooth: SCO socket layer initialized
<6>cfg80211: Calling CRDA to update world regulatory domain
<6>NET: Registered protocol family 2
<6>IP route cache hash table entries: 16384 (order: 4, 65536 bytes)
<6>TCP established hash table entries: 65536 (order: 7, 524288 bytes)
<6>TCP bind hash table entries: 65536 (order: 7, 524288 bytes)
<6>TCP: Hash tables configured (established 65536 bind 65536)
<6>TCP: reno registered
<6>UDP hash table entries: 256 (order: 1, 8192 bytes)
<6>UDP-Lite hash table entries: 256 (order: 1, 8192 bytes)
<6>NET: Registered protocol family 1
<6>RPC: Registered named UNIX socket transport module.
<6>RPC: Registered udp transport module.
<6>RPC: Registered tcp transport module.
<6>RPC: Registered tcp NFSv4.1 backchannel transport module.
<6>Trying to unpack rootfs image as initramfs...
<6>Freeing initrd memory: 2000K (c2000000 - c21f4000)
<6>Detected 9 counters on the L2CC PMU.
<3>smd_channel_probe_worker: allocation table not initialized
<6>pil-q6v4-lpass pil-q6v4-lpass: using secure boot
<6>NET: Registered protocol family 27
<6>acpuclk-8064 acpuclk-8064: SPEED BIN: 2
<6>acpuclk-8064 acpuclk-8064: ACPU PVS: 3
<6>acpuclk-8064 acpuclk-8064: CPU Frequencies Supported: 15
<4>####init
<5>msm_rpm_log_probe: OK
<3>genirq: Threaded irq requested with handler=NULL and !ONESHOT for irq 337
<3>genirq: Threaded irq requested with handler=NULL and !ONESHOT for irq 319
<3>mdm_modem_probe: registered mdm id 0
<6>mdm_pblrdy_change: mdm id 0: pbl ready:1
<6>mdm_status_change: status = 1: mdm id 0 is now ready
<3>msm_slim_ctrl msm_slim_ctrl.1: Slim-dev:2 report inf element:0x400
<3>msm_slim_ctrl msm_slim_ctrl.1: offset:0x0:bit mask:8
<3>msm_slim_ctrl msm_slim_ctrl.1: Slim-dev:4 report inf element:0x400
<3>msm_slim_ctrl msm_slim_ctrl.1: offset:0x0:bit mask:a
<6>usbcore: registered new interface driver hsic_sysmon
<6>sec-thermistor sec-thermistor: sec_therm_probe: SEC Thermistor Driver Loading
<6>futex hash table entries: 1024 (order: 4, 65536 bytes)
<4>bounce pool size: 64 pages
<6>exFAT: Core Version 1.2.12
<6>exFAT: FS Version 1.2.12
<6>Registering sdcardfs 2.1.1
<5>NFS: Registering the id_resolver key type
<5>Key type id_resolver registered
<5>Key type id_legacy registered
<6>fuse init (API version 7.20)
<7>SELinux:  Registering netfilter hooks
<6>Block layer SCSI generic (bsg) driver version 0.4 loaded (major 249)
<6>io scheduler noop registered
<6>io scheduler deadline registered
<6>io scheduler row registered
<6>io scheduler cfq registered (default)
<6>io scheduler bfq registered
<6>BFQ I/O-scheduler: v7r8
<6>io scheduler sio registered
<6>io scheduler fifo registered
<6>io scheduler zen registered
<6>io scheduler vr registered
<6>io scheduler fiops registered
<6>io scheduler sioplus registered
<6>io scheduler tripndroid registered
<6>[secgpio_dvs] secgpio_dvs_probe has been created!!!
<6>[secgpio_dvs] secgpio_dvs_init has been initialized!!!
<6>mipi_dsi base phy_addr = 0x4700000 virt = 0xe4f00000
<6>mmss_sfpb  base phy_addr = 0x5700000,virt = 0xe3302000
<6>[lcd] mipi_samsung_disp_init start
<6>[lcd] mipi_samsung_disp_probe start
<6>[lcd] pdev->id =0,  pdev-name = mipi_samsung_full_hd
<6>[lcd] mipi_samsung_disp_probe end since pdev-id is 0
<7>[lcd] mipi_video_samsung_octa_full_hd_pt_init start
<6>get_ldi_chip : 1 LSI
<6>[lcd] mipi_samsung_device_register start
<6>[lcd] mipi_samsung_disp_probe start
<6>[lcd] msm_fb_add_device : mipi_samsung_full_hd
<6>FrameBuffer[0] 1080x1920 size=16711680 bytes is registered successfully!
<7>Registered led device: lcd-backlight
<6>mdp4_reg_csc_fs: kobject_uevent(KOBJ_ADD)
<6>[lcd] lcd_device_register for panel start
<6>[lcd] backlight_device_register for panel start
<6>[mipi_samsung_disp_probe] CONFIG_MDNIE_LITE_TUNING ok ! init class called!
<3>[mdnie lite] start!
<3>[mdnie lite] end!
<6>[lcd] mipi_samsung_disp_probe end
<6>[lcd] mipi_samsung_device_register end
<7>mipi_video_samsung_octa_full_hd_pt_init: get_lcd_attached(1)!
<7>[lcd] mipi_video_samsung_octa_full_hd_pt_init end
<7>[lcd] mipi_video_magna_octa_full_hd_pt_init start
<6>get_ldi_chip : 1 LSI
<6>FrameBuffer[1] 1920x1080 size=0 bytes is registered successfully!
<6>mdp4_dtv_vsync_init: ndx=0
<3>hdmi_msm hdmi_msm.1: external_common_state_create: sysfs group ddb44e08
<6>hdmi_msm hdmi_msm.1: hdmi_msm_config_hdcp_feature: HDCP Feature: Disabled
<3>Inside writeback_driver_init
<3>Inside writeback_probe
<6>FrameBuffer[2] 1280x720 size=0 bytes is registered successfully!
<6>
<6> msm_vidc_enc: Inside vid_enc_init()
<6>
<6> msm_vidc_enc: Inside vid_enc_vcd_init()
<6>input: sii8240_rcp as /devices/virtual/input/input1
<6>msm_serial: driver initialized
<6>msm_serial_hs.0: ttyHS0 at MMIO 0x16540000 (irq = 188) is a MSM HS UART
<3>Unknown PM state 0
<3>Unknown PM state 3
<6>msm_serial_hs module loaded
<6>msm_serial_hsl: detected port #1
<6>msm_serial_hsl.1: ttyHSL1 at MMIO 0x12450000 (irq = 225) is a MSM
<6>msm_serial_hsl: detected port #0
<6>msm_serial_hsl_probe: Found wakeup gpio 83
<6>msm_serial_hsl.0: ttyHSL0 at MMIO 0x16640000 (irq = 190) is a MSM
<6>msm_serial_hsl: driver initialized
<6>msm_rotator_probe: rotator_hw_revision=2
<6>diagchar_core isn't enabled.
<6>kgsl kgsl-3d0: |kgsl_iommu_init| MMU type set for device is IOMMU
<6>brd: module loaded
<6>loop: module loaded
<6>init tzic
<6>bcm2079x-i2c 17-0077: bcm2079x_probe, probing bcm2079x driver flags = 0
<6>bcm2079x-i2c 17-0077: requesting IRQ 660 with IRQF_NO_SUSPEND
<6>bcm2079x-i2c 17-0077: bcm2079x_probe, probing bcm2079x driver exited successfully
<6>func:max77693_muic_init
<6>func:max77693_muic_probe
<6>max77693-muic max77693-muic: adc:871 chgtype:875, adc1k874
<6>input: max77693-muic as /devices/platform/i2c-gpio.12/i2c-12/12-0066/max77693-muic/input/input2
<6>MUIC ret=0
<6>max77693-muic max77693-muic: func:max77693_muic_set_adcdbset value:2
<6>max77693-muic max77693-muic: max77693_muic_set_adcdbset: ADCDBSET(0x20)
<6>max77693_muic_probe: CDETCTRL1(0x0d)
<6>max77693-muic max77693-muic: func:max77693_muic_monitor_status, ST1:0x3f, ST2:0x0 CABLE:20
<6>max77693-muic max77693-muic: func:max77693_muic_irq_init
<6>max77693-muic max77693-muic: adc:871 chgtype:875 adc1k:874 vbvolt:879
<6>max77693-muic max77693-muic: max77693_muic_irq_init: reg=7, val=9
<6>max77693-muic max77693-muic: max77693_muic_irq_init: reg=8, val=11
<6>max77693-muic max77693-muic: max77693_muic_irq_init: reg=9, val=0
<6>max77693-muic max77693-muic: max77693_muic_irq_init: reg=1, val=0
<6>max77693-muic max77693-muic: max77693_muic_irq_init: reg=2, val=0
<6>max77693-muic max77693-muic: max77693_muic_irq_init: reg=3, val=0
<6>tabla-slim tabla-slim: Platform data from board file
<6>slimbus:1 laddr:0x5, EAPC:0x1:0x60
<6>wrapper slim_rxwq eaddr  0: 1:60: 0:17: 2 [laddr=5]
<6>slimbus:1 laddr:0x6, EAPC:0x0:0x60
<6>wrapper slim_rxwq eaddr  0: 0:60: 0:17: 2 [laddr=6]
<6>wrapper newly pm_runtime_enable
<6>max77693-muic:max77693_muic_dock_detect CONTROL1:0
<6>max77693-muic:max77693_muic_dock_detect STATUS1:0x3f, 2:0x0
<6>max77693-muic:max77693_muic_dock_detect adc:1f adcerr:0 chgtyp:0 vb:0 dxovp:0 cable_type:20
<3>wcd9xxx_slim_probe: failed to get slimbus tabla-slim logical address: -6
<6>tabla2x-slim tabla2x-slim: Platform data from board file
<6>wrapper slim_rxwq eaddr  0: 1:60: 0:17: 2 [laddr=5]
<6>wrapper slim_rxwq eaddr  0: 0:60: 0:17: 2 [laddr=6]
<6>wcd9xxx_check_codec_type: codec is tabla_codec
<6>wcd9xxx_check_codec_type: Read codec idbytes & version
<6>byte_0[00000002] byte_1[00000000] byte_2[00000000]
<6> byte_3[00000001] version = 2 ret = 34
<4>i2c-core: driver [tabla-i2c-core] using legacy suspend method
<4>i2c-core: driver [tabla-i2c-core] using legacy resume method
<4>i2c-core: driver [sitar-i2c-core] using legacy suspend method
<4>i2c-core: driver [sitar-i2c-core] using legacy resume method
<4>i2c-core: driver [wcd9xxx-i2c-core] using legacy suspend method
<4>i2c-core: driver [wcd9xxx-i2c-core] using legacy resume method
<6>SCSI Media Changer driver v0.25 
<6>spi_qsd spi_qsd.0: master is unqueued, this is deprecated
<6>tun: Universal TUN/TAP device driver, 1.6
<6>tun: (C) 1999-2004 Max Krasnyansky <maxk@qualcomm.com>
<6>rmnet_init: BAM devices[8]
<6>PPP generic driver version 2.4.2
<6>PPP BSD Compression module registered
<6>PPP Deflate Compression module registered
<6>PPP MPPE Compression module registered
<6>NET: Registered protocol family 24
<6>SLIP: version 0.8.4-NET3.019-NEWTTY (dynamic channels, max=256) (6 bit encapsulation enabled).
<6>CSLIP: code copyright 1989 Regents of the University of California.
<6>usbcore: registered new interface driver asix
<6>usbcore: registered new interface driver cdc_ether
<6>usbcore: registered new interface driver net1080
<6>usbcore: registered new interface driver cdc_subset
<6>usbcore: registered new interface driver zaurus
<6>usbcore: registered new interface driver cdc_ncm
<6>msm_otg msm_otg: msm_otg probe
<3>msm_otg msm_otg: failed to get phy_clk
<6>msm_otg msm_otg: OTG regs = e3356000
<6>msm_otg msm_otg: success to host_notify_dev_register
<6>ehci_hcd: USB 2.0 'Enhanced' Host Controller (EHCI) Driver
<6>msm_hsic_host msm_hsic_host: Qualcomm EHCI Host Controller using HSIC
<6>msm_hsic_host msm_hsic_host: new USB bus registered, assigned bus number 1
<6>msm_hsic_host msm_hsic_host: irq 261, io mem 0x12510000
<6>msm_hsic_host msm_hsic_host: USB 2.0 started, EHCI 1.00
<6>usb usb1: New USB device found, idVendor=1d6b, idProduct=0002
<6>usb usb1: New USB device strings: Mfr=3, Product=2, SerialNumber=1
<6>usb usb1: Product: Qualcomm EHCI Host Controller using HSIC
<6>usb usb1: Manufacturer: Linux 3.4.113-machinex-Mark78 ehci_hcd
<6>usb usb1: SerialNumber: msm_hsic_host
<6>hub 1-0:1.0: USB hub found
<6>hub 1-0:1.0: 1 port detected
<3>genirq: Threaded irq requested with handler=NULL and !ONESHOT for irq 337
<6>usbcore: registered new interface driver cdc_acm
<6>cdc_acm: USB Abstract Control Model driver for USB modems and ISDN adapters
<6>usbcore: registered new interface driver usblp
<6>Initializing USB Mass Storage driver...
<6>usbcore: registered new interface driver usb-storage
<6>USB Mass Storage support registered
<6>usbcore: registered new interface driver ums-cypress
<6>usbcore: registered new interface driver ums-jumpshot
<6>usbcore: registered new interface driver ums-sddr09
<6>usbcore: registered new interface driver ums-sddr55
<6>usbcore: registered new interface driver usbserial
<6>usbserial: USB Serial Driver core
<6>usbcore: registered new interface driver pl2303
<6>USB Serial support registered for pl2303
<6>usbcore: registered new interface driver qc_csvt
<6>USB Serial support registered for qc_csvt
<6>usbcore: registered new interface driver usb_ehset_test
<6>usbcore: registered new interface driver diag_bridge
<6>usbcore: registered new interface driver mdm_bridge
<6>usbcore: registered new interface driver ks_bridge
<6>ksb_init: init done
<6>usbcore: registered new interface driver ipc_bridge
<6>usb: android_probe pdata: c14832c4
<6>msm_otg msm_otg: phy_reset: success
<6>msm_hsusb msm_hsusb: [ci13xxx_start] hw_ep_max = 32
<7>usb: android_bind disconnect
<7>[mtp_setup] 	line = [1601]
<6>android_usb gadget: Mass Storage Function, version: 2009/09/11
<6>android_usb gadget: Number of LUNs=1
<6> lun0: LUN: removable file: (no medium)
<6>android_bind : serial_string: 0123456789ABCDEF
<7>usb: composite_bind idVendor=0x0, idProduct=0x0
<7>usb: composite_bind bcdDevice=0x0
<7>usb: composite_bind composite_manufacturer=
<6>android_usb gadget: android_usb ready
<3>couldn't get usb power supply
<6>msm_otg msm_otg: USB in low power mode
<6>input: sec_touchscreen as /devices/platform/qup_i2c.3/i2c-3/3-0020/input/input3
<6>synaptics_rmi4_i2c 3-0020: synaptics_rmi4_f54_set_control: query_base_addr: 132, control_base_addr: 10c, data_base_addr: 100, command_base_addr: 131
<6>synaptics_rmi4_i2c 3-0020: synaptics_rmi4_fwu_init: ic revision is B0 type.
<6>synaptics_rmi4_i2c 3-0020: synaptics_rmi4_fwu_init: [IC] [F01 product info, ID(revision)] [0x0000 0x0000, SY 01(0XB0)], PANEL : 0x03
<6>synaptics_rmi4_i2c 3-0020: synaptics_fw_updater: booting, user_FW
<6>synaptics_rmi4_i2c 3-0020: fwu_start_reflash: Requesting firmware image tsp_synaptics/synaptics_b0_5_1.fw
<6>synaptics_rmi4_i2c 3-0020: fwu_check_skip_reflash: [FW size. revision, version] [62976, 0xB0/0xB0(BIN/IC), 0x5C/0x5C(BIN/IC)]
<6>synaptics_rmi4_i2c 3-0020: fwu_check_skip_reflash: [Panel, mode, prog] [0x03, 0x00, 0x00]
<6>synaptics_rmi4_i2c 3-0020: fwu_check_skip_reflash: do not need to update fw
<6>synaptics_rmi4_i2c 3-0020: fwu_start_reflash: End of reflash process
<6>lis3dh_acc accelerometer driver: init
<4>i2c-core: driver [lis3dh_acc] using legacy suspend method
<4>i2c-core: driver [lis3dh_acc] using legacy resume method
<6>rtc-pm8xxx rtc-pm8xxx: rtc core: registered pm8xxx_rtc as rtc0
<6>i2c /dev entries driver
<6>lirc_dev: IR Remote Control driver registered, major 236 
<6>IR NEC protocol handler initialized
<6>IR RC5(x) protocol handler initialized
<6>IR RC6 protocol handler initialized
<6>IR JVC protocol handler initialized
<6>IR Sony protocol handler initialized
<6>IR RC5 (streamzap) protocol handler initialized
<6>IR SANYO protocol handler initialized
<6>IR MCE Keyboard/mouse protocol handler initialized
<6>IR LIRC bridge handler initialized
<6>usbcore: registered new interface driver uvcvideo
<6>USB Video Class driver (1.1.1)
<7>[JC] jc_i2c_probe:E
<3>[jc_spi_init:336] Entered
<3>[jc_spi_probe:301] Entered
<3>[jc_spi_probe:311] jc_spi successfully probed
<3>jc_config_isp_irq~~~~~~~~~~
<3>msm_eeprom_probe probe_fail
<7>[JC] jc_enum_fmt:Index is 0
<7>[JC] jc_enum_fmt:Index is 1
<7>[JC] jc_enum_fmt:Index is 0
<6>msm_server_update_sensor_info mctl_node_name[0] = video1
<7>[JC] jc_init_vreg_port:E
<7>[JC] jc_i2c_probe:X
<3>msm_sensor_i2c_probe s5k6b2yx probe succeeded
<3>msm_eeprom_probe probe_fail
<6>msm_server_update_sensor_info mctl_node_name[1] = video3
<6>msm_cam_server_request_irq IRQ Router hw is not present. 
<6>msm_cam_server_request_irq IRQ Router hw is not present. 
<6>msm_cam_server_request_irq IRQ Router hw is not present. 
<6>pm8xxx_tm_probe: OK
<6>pm8xxx_tm_probe: OK
<6>device-mapper: ioctl: 4.22.0-ioctl (2011-10-19) initialised: dm-devel@redhat.com
<6>Bluetooth: HCI UART driver ver 2.2
<6>Bluetooth: HCI H4 protocol initialized
<6>Bluetooth: BlueSleep Mode Driver Ver 1.1
<6>cpuidle: using governor ladder
<6>cpuidle: using governor menu
<6>mmc0: SDCC Version: 0x06000018
<6>mmc0: bam physical base=0x12402000
<6>mmc0: bam virtual base=0xe3394000
<6>sps:BAM 0x12402000 is registered.
<6>mmc0: BAM device registered. bam_handle=0xdde1e400
<6>sps:BAM 0x12402000 (va:0xe3394000) enabled: ver:0x5, number of pipes:6
<6>mmc0: Qualcomm MSM SDCC-BAM at 0x0000000012402000 irq 130
<6>mmc0: Qualcomm MSM SDCC-DML at 0x0000000012400800
<3>mmc0: No card detect facilities available
<6>Enabling Packed WR for the Toshiba eMMC
<6>mmc0: BKOPS_EN bit is not set
<3>mmc0: RX still active
<3>mmc0: SDCC PWR is ON
<3>mmc0: SDCC clks are ON, MCLK rate=400000
<3>mmc0: SDCC irq is enabled
<3>mmc0: MCI_TEST_INPUT = 0x000003fe
<3>mmc0: got_dataend=0, prog_enable=0, wait_for_auto_prog_done=0, got_auto_prog_done=0, req_tout_ms=10000
<6>sps:BAM 0x12402000 (va:0xe3394000) enabled: ver:0x5, number of pipes:6
<6>sps:BAM 0x12402000 (va:0xe3394000) enabled: ver:0x5, number of pipes:6
<6>mmc0: new HS200 MMC card at address 0001
<6>mmcblk0: mmc0:0001 016GE4 14.6 GiB 
<6> mmcblk0: p1 p2 p3 p4 p5 p6 p7 p8 p9 p10 p11 p12 p13 p14 p15 p16 p17 p18 p19 p20 p21 p22 p23 p24 p25 p26 p27 p28 p29
<6>mmc0: Qualcomm MSM SDCC-core at 0x0000000012400000 irq 136,0 dma -1 dmacrcri -1
<6>mmc0: Controller capabilities: 0x0000079a
<6>mmc0: 8 bit data mode enabled
<6>mmc0: 4 bit data mode disabled
<6>mmc0: polling status mode disabled
<6>mmc0: MMC clock 400000 -> 192000000 Hz, PCLK 0 Hz
<6>mmc0: Slot eject status = 0
<6>mmc0: Power save feature enable = 1
<6>mmc0: SPS-BAM data transfer mode available
<6>mmc1: SDCC Version: 0x06000018
<6>mmc1: bam physical base=0x12182000
<6>mmc1: bam virtual base=0xe33fc000
<6>sps:BAM 0x12182000 is registered.
<6>mmc1: BAM device registered. bam_handle=0xdde5e800
<6>sps:BAM 0x12182000 (va:0xe33fc000) enabled: ver:0x5, number of pipes:6
<6>mmc1: Qualcomm MSM SDCC-BAM at 0x0000000012182000 irq 128
<6>mmc1: Qualcomm MSM SDCC-DML at 0x0000000012180800
<4>Set MMC_PM_IGNORE_PM_NOTIFY|MMC_PM_KEEP_POWER
<4>brcm_wifi_status:301 status 0
<6>brcm_wifi_status_register: callback is c09a25b4, devid is de1d5440
<6>usb 1-1: new high-speed USB device number 2 using msm_hsic_host
<6>mmc1: Qualcomm MSM SDCC-core at 0x0000000012180000 irq 134,0 dma -1 dmacrcri -1
<6>mmc1: Controller capabilities: 0x0000079a
<6>mmc1: 8 bit data mode disabled
<6>mmc1: 4 bit data mode enabled
<6>mmc1: polling status mode disabled
<6>mmc1: MMC clock 400000 -> 192000000 Hz, PCLK 0 Hz
<6>mmc1: Slot eject status = 1
<6>mmc1: Power save feature enable = 1
<6>mmc1: SPS-BAM data transfer mode available
<6>mmc2: SDCC Version: 0x06000018
<6>mmc2: bam physical base=0x12142000
<6>mmc2: bam virtual base=0xe35c0000
<6>sps:BAM 0x12142000 is registered.
<6>mmc2: BAM device registered. bam_handle=0xdde5f200
<6>sps:BAM 0x12142000 (va:0xe35c0000) enabled: ver:0x5, number of pipes:6
<6>mmc2: Qualcomm MSM SDCC-BAM at 0x0000000012142000 irq 129
<6>mmc2: Qualcomm MSM SDCC-DML at 0x0000000012140800
<7>msmsdcc_probe : Change sysfs Card Detect
<6>usb 1-1: New USB device found, idVendor=05c6, idProduct=9008
<6>usb 1-1: New USB device strings: Mfr=1, Product=2, SerialNumber=0
<6>usb 1-1: Product: QHSUSB__BULK
<6>usb 1-1: Manufacturer: Qualcomm CDMA Technologies MSM
<4>mmc2: host does not support reading read-only switch. assuming write-enable.
<6>mmc2: new high speed SDHC card at address 0001
<6>mmcblk1: mmc2:0001 00000 29.4 GiB 
<6> mmcblk1: p1
<6>mmc2: Qualcomm MSM SDCC-core at 0x0000000012140000 irq 135,664 dma -1 dmacrcri -1
<6>mmc2: Controller capabilities: 0x0000079a
<6>mmc2: 8 bit data mode disabled
<6>mmc2: 4 bit data mode enabled
<6>mmc2: polling status mode disabled
<6>mmc2: MMC clock 400000 -> 48000000 Hz, PCLK 0 Hz
<6>mmc2: Slot eject status = 0
<6>mmc2: Power save feature enable = 1
<6>mmc2: SPS-BAM data transfer mode available
<7>Registered led device: led_r
<7>Registered led device: led_g
<7>Registered led device: led_b
<6>LED Booting Pattern on
<7>Registered led device: leds-sec1
<7>[LED] max77693_led_get_en_value: led mode: 0x1, on: 0
<7>Registered led device: torch-sec1
<7>[LED] max77693_led_get_en_value: led mode: 0x2, on: 0
<6>Successfully registered hid_synaptics_driver
<6>usbcore: registered new interface driver usbhid
<6>usbhid: USB HID core driver
<6>ashmem: initialized
<6>logger: created 64K log 'log_main'
<6>logger: created 32K log 'log_events'
<6>logger: created 128K log 'log_radio'
<6>logger: created 32K log 'log_system'
<6>mckernelapi : Mobicore API module initialized!
<6>MobiCore mcd: MobiCore Driver, Build: Sun Dec 25 19:42:41 2016
<6>MobiCore mcd: MobiCore mcDrvModuleApi version is 1.1
<6>MobiCore mcd: MobiCore *** t-base-202-APQ8064-Android-V003 ###
<6>sec-fuelgauge 11-0036: 0x02(0xc2), 0x03(0x60), 0x04(0xa9), 0x05(0xb5), 0x06(0x00), 0x07(0x00), 0x08(0x00), 0x09(0x12), 0x0a(0x00), 0x0b(0x00), 0x0c(0x76), 0x0d(0x1c), 
<6>sec-fuelgauge 11-0036: 0x14(0x00), 0x15(0xff), 0x16(0x01), 0x17(0xa5), 0x18(0x7d), 0x19(0x00), 0x1a(0x01), 0x1b(0xff), 
<6>sec-fuelgauge 11-0036: MAX17048 Fuel-Gauge Ver 0x0012
<3>power_supply sec-fuelgauge: driver failed to report `status' property: 4294967274
<3>power_supply sec-fuelgauge: driver failed to report `status' property: 4294967274
<3>genirq: Threaded irq requested with handler=NULL and !ONESHOT for irq 573
<6>sec_fuelgauge_probe: fg_irq: 573, capacity_max: 1000, cpacity_max_margin: 50, capacity_min: 0,calculation_type: 0xf, fuel_alert_soc: 2,
<6>repeated_fuelalert: 0, RCOMP0: 0x76,RCOMP_charging: 0x76, temp_cohot: -700,temp_cocold: -4875, is_using_model_data: 1,type_str: SDI,
<3>max77693_get_health_state: Fail to get psy (battery)
<3>power_supply sec-charger: driver failed to report `power_now' property: 4294967274
<3>max77693_get_health_state: Fail to get psy (battery)
<3>power_supply sec-charger: driver failed to report `power_now' property: 4294967274
<6>ssp_get_positions, position acc : 3, mag = 5
<6>input: accelerometer_sensor as /devices/virtual/input/input4
<6>input: gyro_sensor as /devices/virtual/input/input5
<6>input: pressure_sensor as /devices/virtual/input/input6
<6>input: gesture_sensor as /devices/virtual/input/input7
<6>input: light_sensor as /devices/virtual/input/input8
<6>input: proximity_sensor as /devices/virtual/input/input9
<6>input: temp_humidity_sensor as /devices/virtual/input/input10
<6>input: geomagnetic_sensor as /devices/virtual/input/input11
<6>input: sig_motion_sensor as /devices/virtual/input/input12
<6>input: step_det_sensor as /devices/virtual/input/input13
<6>input: step_cnt_sensor as /devices/virtual/input/input14
<6>input: meta_event as /devices/virtual/input/input15
<3>genirq: Threaded irq requested with handler=NULL and !ONESHOT for irq 651
<6>input: ssp_context as /devices/virtual/input/input16
<6>usbcore: registered new interface driver snd-usb-audio
<6>es325_init(): entry
<6>es325_init(): slim_driver_register()
<6>es325_slim_probe: system_rev=10, firmware=audience-es325-fw-eur.bin
<6>es325-codec es325-codec-gen0: es325_slim_device_up: name=es325-codec-gen0
<6>es325_init(): exit
<6>es325-codec es325-codec-gen0: es325_slim_device_up: laddr=3
<6>es325-codec es325-codec-gen0: es325_slim_device_up: priv=c172308c
<6>fw_download(): called
<6>fw_download(): es325 gen0 LA=3
<6>es325_bootup(): entry
<6>msm_pcm_probe: dev name msm-voip-dsp
<6>msm-dai-q6-mi2s msm-dai-q6-mi2s: msm_dai_q6_mi2s_platform_data_validation: playback sdline 0 capture sdline 8
<6>msm-dai-q6-mi2s msm-dai-q6-mi2s: msm_dai_q6_mi2s_platform_data_validation: playback ch_max 0 capture ch_mx 8
<6>msm_pcm_probe: dev name msm-pcm-dsp
<6>msm_pcm_probe: dev name msm-multi-ch-pcm-dsp
<6>msm_pcm_probe: dev name msm-lowlatency-pcm-dsp
<6>msm-pcm-lpa msm-pcm-lpa: msm_pcm_probe: dev name msm-pcm-lpa
<6>tabla codec probe...
<6>tabla_codec tabla_codec: es325_remote_add_codec_controls(): entry
<6>tabla_codec tabla_codec: es325_remote_add_codec_controls(): codec->name = tabla_codec
<6>asoc: snd-soc-dummy-dai <-> MultiMedia1 mapping ok
<6>asoc: snd-soc-dummy-dai <-> MultiMedia2 mapping ok
<6>asoc: snd-soc-dummy-dai <-> CS-VOICE mapping ok
<6>asoc: snd-soc-dummy-dai <-> VoIP mapping ok
<6>asoc: snd-soc-dummy-dai <-> MultiMedia3 mapping ok
<6>asoc: snd-soc-dummy-dai <-> SLIMBUS0_HOSTLESS mapping ok
<6>asoc: snd-soc-dummy-dai <-> INT_FM_HOSTLESS mapping ok
<6>asoc: msm-stub-rx <-> msm-dai-q6.241 mapping ok
<6>asoc: msm-stub-tx <-> msm-dai-q6.240 mapping ok
<6>asoc: snd-soc-dummy-dai <-> MultiMedia4 mapping ok
<6>asoc: snd-soc-dummy-dai <-> AUXPCM_HOSTLESS mapping ok
<6>asoc: snd-soc-dummy-dai <-> HDMI_HOSTLESS mapping ok
<6>es325_bootup(): write ES325_BOOT_CMD
<6>es325_bootup(): msg[0] = 0x01
<6>es325_bootup(): msg[1] = 0x00
<6>es325_bootup(): msg[2] = 0x00
<6>es325_bootup(): msg[3] = 0x00
<6>asoc: snd-soc-dummy-dai <-> VOICE_STUB mapping ok
<6>asoc: snd-soc-dummy-dai <-> VOLTE_STUB mapping ok
<6>asoc: snd-soc-dummy-dai <-> MultiMedia5 mapping ok
<6>asoc: snd-soc-dummy-dai <-> VOICE2_STUB mapping ok
<6>asoc: tabla_rx1 <-> msm-dai-q6.16384 mapping ok
<6>asoc: tabla_tx1 <-> msm-dai-q6.16385 mapping ok
<6>asoc: msm-stub-rx <-> msm-dai-q6.12288 mapping ok
<6>asoc: msm-stub-tx <-> msm-dai-q6.12289 mapping ok
<6>asoc: msm-stub-rx <-> msm-dai-q6.12292 mapping ok
<6>asoc: msm-stub-tx <-> msm-dai-q6.12293 mapping ok
<6>asoc: msm-stub-rx <-> msm-dai-q6-hdmi.8 mapping ok
<6>asoc: msm-stub-rx <-> msm-dai-q6.224 mapping ok
<6>asoc: msm-stub-tx <-> msm-dai-q6.225 mapping ok
<6>asoc: msm-stub-rx <-> msm-dai-q6.2 mapping ok
<6>asoc: msm-stub-tx <-> msm-dai-q6.3 mapping ok
<6>asoc: tabla_rx2 <-> msm-dai-stub mapping ok
<6>asoc: tabla_tx1 <-> msm-dai-stub mapping ok
<6>asoc: msm-stub-rx <-> msm-dai-q6.16386 mapping ok
<6>asoc: msm-stub-tx <-> msm-dai-q6.16387 mapping ok
<6>asoc: tabla_tx2 <-> msm-dai-q6.16389 mapping ok
<6>asoc: tabla_rx3 <-> msm-dai-q6.16388 mapping ok
<6>asoc: msm-stub-rx <-> msm-dai-q6.16392 mapping ok
<6>asoc: msm-stub-tx <-> msm-dai-q6.16393 mapping ok
<6>asoc: tabla_tx3 <-> msm-dai-stub mapping ok
<6>asoc: msm-stub-rx <-> msm-dai-q6.16390 mapping ok
<6>asoc: msm-stub-tx <-> msm-dai-q6.16391 mapping ok
<6>input: apq8064-tabla-snd-card Button Jack as /devices/platform/soc-audio.0/sound/card0/input17
<6>input: apq8064-tabla-snd-card Headset Jack as /devices/platform/soc-audio.0/sound/card0/input18
<6>GACT probability NOT on
<6>Mirror/redirect action on
<6>u32 classifier
<6>    Actions configured
<6>Netfilter messages via NETLINK v0.30.
<6>nf_conntrack version 0.5.0 (16384 buckets, 65536 max)
<6>ctnetlink v0.93: registering with nfnetlink.
<6>NF_TPROXY: Transparent proxy support initialized, version 4.1.0
<6>NF_TPROXY: Copyright (c) 2006-2007 BalaBit IT Ltd.
<6>xt_time: kernel timezone is -0000
<6>939-23012-001-quicksec-vpnclient-for-android-3.3.1-2811-b2567729009d-2015-01-30_13-36-53 
<6>vpnclient kernel spd loaded.
<6>ip_tables: (C) 2000-2006 Netfilter Core Team
<6>arp_tables: (C) 2002 David S. Miller
<6>TCP: bic registered
<6>TCP: cubic registered
<6>TCP: westwood registered
<6>TCP: highspeed registered
<6>TCP: hybla registered
<6>TCP: htcp registered
<6>TCP: vegas registered
<6>TCP: veno registered
<6>TCP: scalable registered
<6>TCP: lp registered
<6>TCP: yeah registered
<6>TCP: illinois registered
<6>TCP: sociopath registered
<6>Initializing XFRM netlink socket
<6>NET: Registered protocol family 10
<6>Mobile IPv6
<6>ip6_tables: (C) 2000-2006 Netfilter Core Team
<6>IPv6 over IPv4 tunneling driver
<6>NET: Registered protocol family 17
<6>NET: Registered protocol family 15
<5>Bridge firewalling registered
<6>Ebtables v2.0 registered
<6>Bluetooth: HIDP (Human Interface Emulation) ver 1.2
<5>Key type dns_resolver registered
<5>Registering SWP/SWPB emulation handler
<6>clock_late_init: Removing enables held for handed-off clocks
<6>MSM Watchdog Initialized
<6>msm_hotplug: Device init
<6>intelli_plug: version 5.4
<6>bricked_hotplug: msm_mpdec_init init complete.
<6>msm-sleeper version 4.1
<6>msm_sleeper: Device init
<6>mako_hotplug: init
<6>zswap: loading zswap
<6>zswap: using lz4 compressor
<6>regulator regulator.66: func:max77693_reg_is_enabled
<6>regulator regulator.65: func:max77693_reg_is_enabled
<6>regulator regulator.64: func:max77693_reg_is_enabled
<6>sec_jack_probe : Registering jack driver
<6>sec_jack_detect_work: detect_irq(0)
<7>gpio_set_debounce: gpio-186 status -22
<7>gpio_set_debounce: gpio-188 status -22
<7>gpio_set_debounce: gpio-181 status -22
<6>input: gpio-keys as /devices/platform/gpio-keys/input/input19
<7>cypress_power_on is finished.
<6>es325_bootup(): read boot cmd ack
<6>es325_bootup(): msg[0] = 0x01
<6>es325_bootup(): msg[1] = 0x01
<6>es325_bootup(): msg[2] = 0x01
<6>es325_bootup(): msg[3] = 0x01
<6>input: sec_touchkey as /devices/platform/i2c-gpio.16/i2c-16/16-0020/input/input20
<3>genirq: Threaded irq requested with handler=NULL and !ONESHOT for irq 662
<7>Registered led device: button-backlight
<6>[Touchkey] IC FW Version: 0x1c
<6>[Touchkey] IC ID Version: 0x05
<6>cypress_touchkey 16-0020: [TouchKey] FW update does not need!
<6>es325_bootup(): write firmware image
<6>es325_bootup(): buf_frames = 47700
<3>cypress_touchkey 16-0020: cypress_touchkey_interrupt_set_dual: This module support dual, 5
<6>cypress_touchkey 16-0020: cypress_touchkey_interrupt_set_dual: interrupt set: 0x1
<6>cypress_touchkey 16-0020: [Touchkey] Register TA Callback
<6>[Touchkey] DONE(cypress_touchkey_probe)!
<6>rtc-pm8xxx rtc-pm8xxx: setting system clock to 2014-01-16 15:54:03 UTC (1389887643)
<6>pm8921_charger_probe: pm8921-charger driver Loading SKIP!!!
<4>pm8921-charger: probe of pm8921-charger failed with error -22
<3>Unable to register core for 0
<4>msm_dcvs_gov: probe of msm_dcvs_gov failed with error -22
<6>lazyplug: version 1.0 by arter97
<6>          based on intelli_plug by faux123
<6>sec_touchscreen found and connected!
<3>sec-battery sec-battery: sec_battery_probe: Failed to Enable Wakeup Source(-6)
<6>sec_bat_check_cable_result_callback set ldo on
<6>sec_bat_check_cable_result_callback set ldo off
<6>gpiochip_add: registered GPIOs 300 to 315 on device: ice-fpga-gpio
<6>barcode_emul_ice4: barcode_emul_probe probe!
<6>barcode_emul_ice4: barcode_emul_probe setting gpio config.
<6>barcode_gpio_config
<6>barcode_emul_poweron onoff : 1
<6>barcode_emul_poweron gpio switch on
<3>barcode_emul_ice4: probe complete barcode_emul_probe
<6>ALSA device list:
<6>  #0: apq8064-tabla-snd-card
<3>Warning: unable to open an initial console.
<6>Freeing unused kernel memory: 1048K (c1300000 - c1406000)
<4>!@Boot: start init process
<7>SELinux: 2048 avtab hash slots, 16070 rules.
<6>sec-fuelgauge 11-0036: 0x02(0xc9), 0x03(0x10), 0x04(0xa9), 0x05(0xb5), 0x06(0x00), 0x07(0x00), 0x08(0x00), 0x09(0x12), 0x0a(0x00), 0x0b(0x00), 0x0c(0x76), 0x0d(0x1e), 
<7>SELinux: 2048 avtab hash slots, 16070 rules.
<7>SELinux:  1 users, 2 roles, 1343 types, 0 bools, 1 sens, 1024 cats
<7>SELinux:  86 classes, 16070 rules
<6>sec-fuelgauge 11-0036: 0x14(0x00), 0x15(0xff), 0x16(0x01), 0x17(0xa5), 0x18(0x7d), 0x19(0x00), 0x1a(0x01), 0x1b(0xff), 
<7>SELinux:  Completing initialization.
<7>SELinux:  Setting up existing superblocks.
<7>SELinux: initialized (dev sysfs, type sysfs), uses genfs_contexts
<7>SELinux: initialized (dev tmpfs, type tmpfs), uses transition SIDs
<7>SELinux: initialized (dev selinuxfs, type selinuxfs), uses genfs_contexts
<7>SELinux: initialized (dev devpts, type devpts), uses transition SIDs
<7>SELinux: initialized (dev anon_inodefs, type anon_inodefs), uses genfs_contexts
<7>SELinux: initialized (dev pipefs, type pipefs), uses task SIDs
<7>SELinux: initialized (dev sockfs, type sockfs), uses task SIDs
<7>SELinux: initialized (dev debugfs, type debugfs), uses genfs_contexts
<7>SELinux: initialized (dev devtmpfs, type devtmpfs), uses transition SIDs
<6>barcode_emul_ice4: barcode_fpga_fimrware_update_start
<7>SELinux: initialized (dev tmpfs, type tmpfs), uses transition SIDs
<7>SELinux: initialized (dev proc, type proc), uses genfs_contexts
<7>SELinux: initialized (dev bdev, type bdev), not configured for labeling
<7>SELinux: initialized (dev rootfs, type rootfs), uses genfs_contexts
<7>SELinux: initialized (dev sysfs, type sysfs), uses genfs_contexts
<6>sec-battery sec-battery: sec_bat_get_battery_info:Vnow(4021mV),Inow(460mA),SOC(84%),Tbat(350)
<6>max77693-muic max77693-muic: func:max77693_muic_monitor_status, ST1:0x3f, ST2:0x0 CABLE:20
<5>random: nonblocking pool is initialized
<7>[keys] flip_cover_work : 1
<3>init: /init.rc: 226: invalid command 'load_system_props'
<3>init: /init.qcom.rc: 647: invalid command '/system/bin/log'
<3>init: /init.qcom.rc: 775: invalid command 'Limit'
<3>init: /init.carrier.rc: 150: ignored duplicate definition of service 'at_distributor'
<3>init: /init.carrier.rc: 162: ignored duplicate definition of service 'scranton_RD'
<3>init: /init.carrier.rc: 195: invalid option 'write'
<3>init: /init.carrier.rc: 197: ignored duplicate definition of service 'edmaudit'
<3>init: invalid uid 'mfc'
<3>init: invalid uid 'mfc'
<3>init: invalid uid 'mfc'
<3>init: invalid uid 'mfc'
<3>init: invalid uid 'mfc'
<3>init: invalid uid 'mfc'
<3>init: invalid uid 'mfc'
<3>init: invalid uid 'mfc'
<3>init: invalid uid 'mfc'
<3>init: invalid uid 'fm_radio'
<6>sec-fuelgauge 11-0036: 0x02(0xc5), 0x03(0x50), 0x04(0xa9), 0x05(0x77), 0x06(0x00), 0x07(0x00), 0x08(0x00), 0x09(0x12), 0x0a(0x00), 0x0b(0x00), 0x0c(0x6c), 0x0d(0x1e), 
<6>sec-fuelgauge 11-0036: 0x14(0x00), 0x15(0xff), 0x16(0x01), 0x17(0x1d), 0x18(0x7d), 0x19(0x00), 0x1a(0x01), 0x1b(0xff), 
<6>sec-fuelgauge 11-0036: sec_fg_get_atomic_capacity: old : 84, current : 84
<6>sec-battery sec-battery: sec_bat_get_battery_info:Vnow(3946mV),Inow(460mA),SOC(84%),Tbat(350)
<6>max77693-muic max77693-muic: func:max77693_muic_monitor_status, ST1:0x3f, ST2:0x0 CABLE:20
<6>max77693-muic max77693-muic: func:max77693_muic_init_detect
<6>max77693-muic max77693-muic: func:max77693_muic_detect_dev CONTROL1:0
<6>max77693-muic max77693-muic: func:max77693_muic_detect_dev irq:-1 ret:0
<6>max77693-muic max77693-muic: max77693_muic_detect_dev: STATUS1:0x3f, 2:0x0
<6>max77693-muic max77693-muic: adc:1f adcerr:0 chgtyp:0 cable_type:14
<6>max77693-muic max77693-muic: max77693_muic_detect_dev: DETACHED
<6>max77693-muic max77693-muic: func:max77693_muic_handle_detach
<6>max77693-muic max77693-muic: max77693_muic_handle_detach: CNTL2(0x3b)
<6>max77693-muic:max77693_muic_clear_cddelay read CDETCTRL1=0xd, ret=0
<6>max77693-muic:max77693_muic_clear_cddelay CDDelay already cleared, return
<6>max77693-muic max77693-muic: max77693_muic_handle_detach: UNKNOWN
<6>max77693-muic max77693-muic: func:max77693_muic_set_charging_type cable_type:0 force_disable:0
<6>cypress_touchkey 16-0020: touchkey_ta_cb : 0x05
<6>[Touchkey] IC id 20065
<6>cypress_touchkey 16-0020: touchkey_ta_setting
<6>cypress_touchkey 16-0020: TA disconnect!!!
<6>cypress_touchkey 16-0020: TA Disabled
<6>max77693_muic_charger_cb: SKIP cable setting
<6>es325_bootup(): write ES325_SYNC_CMD
<6>es325_bootup(): msg[0] = 0x80
<6>es325_bootup(): msg[1] = 0x00
<6>es325_bootup(): msg[2] = 0x00
<6>es325_bootup(): msg[3] = 0x00
<6>es325_bootup(): read sync cmd ack
<6>es325_bootup(): msg[0] = 0x80
<6>es325_bootup(): msg[1] = 0x00
<6>es325_bootup(): msg[2] = 0x00
<6>es325_bootup(): msg[3] = 0x00
<6>es325_bootup(): firmware sync ack good=0x80000000
<6>es325_bootup(): exit
<6>fw_download(): bootup rc=0
<6>fw_download(): would release firmware here...
<6>fw_download(): registering sound soc
<6>fw_download(): register_snd_soc rc=0
<6>GAC:es325_fixed_config(): msg = 08003190
<6>sec-fuelgauge 11-0036: 0x02(0xc5), 0x03(0x30), 0x04(0xa9), 0x05(0x77), 0x06(0x00), 0x07(0x00), 0x08(0x00), 0x09(0x12), 0x0a(0x00), 0x0b(0x00), 0x0c(0x6c), 0x0d(0x1e), 
<6>sec-fuelgauge 11-0036: 0x14(0x00), 0x15(0xff), 0x16(0x01), 0x17(0x1d), 0x18(0x7d), 0x19(0x00), 0x1a(0x01), 0x1b(0xff), 
<6>sec-fuelgauge 11-0036: sec_fg_get_atomic_capacity: old : 84, current : 84
<6>GAC:es325_fixed_config(): msg = 50003190
<6>sec-battery sec-battery: sec_bat_get_battery_info:Vnow(3943mV),Inow(460mA),SOC(84%),Tbat(350)
<6>max77693-muic max77693-muic: func:max77693_muic_monitor_status, ST1:0x3f, ST2:0x0 CABLE:0
<6>fw_download(): release module
<6>fw_download(): exiting fw_download
<6>es325-codec es325-codec-gen0: wrapper es325_slim_device_up(): es325-codec-gen0
<6>+[ES325]=es325_sleep()=
<6>-[ES325]=es325_sleep()=
<6>=[ES325]=es325_wrapper_sleep_internal disable clock
<6>es325-codec es325-codec-gen0: wrapper es325_slim_device_up: es325 sleep default
<6>es325-codec es325-codec-gen0: wrapper es325_slim_device_up: device up complete
<3>power_supply sec-fuelgauge: driver failed to report `status' property: 4294967274
<3>power_supply sec-charger: driver failed to report `power_now' property: 4294967274
<7>SELinux: initialized (dev cgroup, type cgroup), uses genfs_contexts
<7>SELinux: initialized (dev tmpfs, type tmpfs), uses transition SIDs
<7>SELinux: initialized (dev tmpfs, type tmpfs), uses transition SIDs
<7>SELinux: initialized (dev tmpfs, type tmpfs), uses transition SIDs
<7>SELinux: initialized (dev tmpfs, type tmpfs), uses transition SIDs
<7>SELinux: initialized (dev cgroup, type cgroup), uses genfs_contexts
<6>FAT-fs (mmcblk0p1[179:1]): trying to mount...
<6>FAT-fs (mmcblk0p1[179:1]): mounted successfully!
<7>SELinux: initialized (dev mmcblk0p1, type vfat), uses mountpoint labeling
<6>FAT-fs (mmcblk0p2[179:2]): trying to mount...
<6>sec-fuelgauge 11-0036: 0x02(0xc7), 0x03(0x60), 0x04(0xa9), 0x05(0x77), 0x06(0x00), 0x07(0x00), 0x08(0x00), 0x09(0x12), 0x0a(0x00), 0x0b(0x00), 0x0c(0x6c), 0x0d(0x1e), 
<6>sec-fuelgauge 11-0036: 0x14(0x00), 0x15(0xff), 0x16(0x01), 0x17(0x1d), 0x18(0x7d), 0x19(0x00), 0x1a(0x01), 0x1b(0xff), 
<6>sec-fuelgauge 11-0036: sec_fg_get_atomic_capacity: old : 84, current : 84
<6>sec-battery sec-battery: sec_bat_get_battery_info:Vnow(3987mV),Inow(460mA),SOC(84%),Tbat(350)
<6>max77693-muic max77693-muic: func:max77693_muic_monitor_status, ST1:0x3f, ST2:0x0 CABLE:0
<6>FAT-fs (mmcblk0p2[179:2]): mounted successfully!
<7>SELinux: initialized (dev mmcblk0p2, type vfat), uses mountpoint labeling
<6>frandom: Seeded global generator now (used by erandom)
<6>EXT4-fs (mmcblk0p16): mounted filesystem with ordered data mode. Opts: errors=panic
<7>SELinux: initialized (dev mmcblk0p16, type ext4), uses xattr
<6>fs_mgr: __mount(source=/dev/block/platform/msm_sdcc.1/by-name/system,target=/system,type=ext4)=0
<4>CryptfsFSCK: Decryption operation succeeded
<6>fs_mgr: Running /system/bin/e2fsck on /dev/block/platform/msm_sdcc.1/by-name/userdata
<6>e2fsck: e2fsck 1.42.9 (28-Dec-2013)
<6>e2fsck: skipping journal recoverybecause INCOMPAT_RECOVER was clear.
<6>e2fsck: check whether gdt & bitmap free count is vaild
<6>e2fsck: Superblock last mount time (__bionic_open_tzdata_path: ANDROID_DATA not set!
<6>e2fsck: __bionic_open_tzdata_path: ANDROID_ROOT not set!
<6>e2fsck: __bionic_open_tzdata_path: ANDROID_DATA not set!
<6>e2fsck: __bionic_open_tzdata_path: ANDROID_ROOT not set!
<6>e2fsck: __bionic_open_tzdata_path: ANDROID_DATA not set!
<6>e2fsck: __bionic_open_tzdata_path: ANDROID_ROOT not set!
<6>e2fsck: Mon Jan 16 15:53:28 2017,
<6>e2fsck: 	now = Thu Jan 16 15:54:06 2014) is in the future.
<6>e2fsck: Fix? yes
<6>e2fsck: 
<6>e2fsck: Superblock last write time (Mon Jan 16 15:53:28 2017,
<6>e2fsck: 	now = Thu Jan 16 15:54:06 2014) is in the future.
<6>e2fsck: Fix? yes
<6>e2fsck: 
<6>e2fsck: /dev/block/platform/msm_sdcc.1/by-name/userdata: clean, 26271/638976 files, 1605182/2554876 blocks
<6>e2fsck: ext2fs_close2 : normal operation, return 0
<6>EXT4-fs (mmcblk0p29): mounted filesystem with ordered data mode. Opts: noauto_da_alloc,discard,journal_async_commit,errors=panic
<7>SELinux: initialized (dev mmcblk0p29, type ext4), uses xattr
<6>fs_mgr: __mount(source=/dev/block/platform/msm_sdcc.1/by-name/userdata,target=/data,type=ext4)=0
<3>init: Running /dev/block/platform/msm_sdcc.1/by-name/cache on ext4
<4>e2fsck 1.42.9 (28-Dec-2013)
<4>skipping journal recoverybecause INCOMPAT_RECOVER was clear.
<4>check whether gdt & bitmap free count is vaild
<4>Superblock last mount time (__bionic_open_tzdata_path: ANDROID_DATA not set!
<4>__bionic_open_tzdata_path: ANDROID_ROOT not set!
<4>__bionic_open_tzdata_path: ANDROID_DATA not set!
<4>__bionic_open_tzdata_path: ANDROID_ROOT not set!
<4>__bionic_open_tzdata_path: ANDROID_DATA not set!
<4>__bionic_open_tzdata_path: ANDROID_ROOT not set!
<4>Mon Jan 16 15:53:50 2017,
<4>	now = Thu Jan 16 15:54:06 2014) is in the future.
<4>Fix? yes
<4>
<4>Superblock last write time (Mon Jan 16 15:53:50 2017,
<4>	now = Thu Jan 16 15:54:06 2014) is in the future.
<4>Fix? yes
<4>
<4>/dev/block/platform/msm_sdcc.1/by-name/cache: clean, 23/132736 files, 17457/529920 blocks
<4>ext2fs_close2 : normal operation, return 0
<6>EXT4-fs (mmcblk0p18): mounted filesystem with ordered data mode. Opts: noauto_da_alloc,discard,journal_async_commit,errors=panic
<7>SELinux: initialized (dev mmcblk0p18, type ext4), uses xattr
<3>init: Running /dev/block/platform/msm_sdcc.1/by-name/efs on ext4
<4>e2fsck 1.42.9 (28-Dec-2013)
<4>skipping journal recoverybecause INCOMPAT_RECOVER was clear.
<4>check whether gdt & bitmap free count is vaild
<4>Superblock last mount time (__bionic_open_tzdata_path: ANDROID_DATA not set!
<4>__bionic_open_tzdata_path: ANDROID_ROOT not set!
<4>__bionic_open_tzdata_path: ANDROID_DATA not set!
<4>__bionic_open_tzdata_path: ANDROID_ROOT not set!
<4>__bionic_open_tzdata_path: ANDROID_DATA not set!
<4>__bionic_open_tzdata_path: ANDROID_ROOT not set!
<4>Mon Jan 16 15:53:49 2017,
<4>	now = Thu Jan 16 15:54:07 2014) is in the future.
<4>Fix? yes
<4>
<4>Superblock last write time (Mon Jan 16 15:53:49 2017,
<4>	now = Thu Jan 16 15:54:07 2014) is in the future.
<4>Fix? yes
<4>
<4>/dev/block/platform/msm_sdcc.1/by-name/efs: clean, 58/880 files, 1139/3488 blocks
<4>ext2fs_close2 : normal operation, return 0
<6>EXT4-fs (mmcblk0p10): mounted filesystem with ordered data mode. Opts: noauto_da_alloc,discard,journal_async_commit,errors=panic
<7>SELinux: initialized (dev mmcblk0p10, type ext4), uses xattr
<6>EXT4-fs (mmcblk0p27): mounted filesystem with ordered data mode. Opts: barrier=1
<7>SELinux: initialized (dev mmcblk0p27, type ext4), uses xattr
<3>init: Running /dev/block/platform/msm_sdcc.1/by-name/persdata on ext4
<4>e2fsck 1.42.9 (28-Dec-2013)
<4>skipping journal recoverybecause INCOMPAT_RECOVER was clear.
<4>check whether gdt & bitmap free count is vaild
<4>/dev/block/platform/msm_sdcc.1/by-name/persdata: clean, 21/576 files, 1133/2304 blocks
<4>ext2fs_close2 : normal operation, return 0
<6>EXT4-fs (mmcblk0p26): mounted filesystem with ordered data mode. Opts: barrier=1
<7>SELinux: initialized (dev mmcblk0p26, type ext4), uses xattr
<4>SELinux:  Could not stat /data/system/container: No such file or directory.
<7>[mtpg_open]	line = [478]
<7>[mtpg_release_device]	line = [1085]
<7>[mtpg_open]	line = [478]
<7>[mtpg_release_device]	line = [1085]
<6>tamper_fuse before = 1
<3>init: do_restorecon: Could not access /carrier
<3>init: failed to open '/sys/devices/soc0/soc_id'
<3>init: failed to open '/sys/devices/soc0/platform_version'
<3>init: failed to open '/sys/devices/soc0/hw_platform'
<3>init: Detected MSM SOC ID=153 SOC VER=65536 BOARD TYPE=MTP
<6>barcode_emul_ice4: FPGA firmware update success
<6>barcode_emul_ice4: ice_gpiox_get : num = 1 , val = 0
<3>Unknown PM state 0
<6>(msm_serial_hs) msm_hs_startup - dma wake lock
<6>(msm_serial_hs) msm_hs_shutdown - dma wake unlock
<3>Unknown PM state 3
<3>Unknown PM state 0
<6>(msm_serial_hs) msm_hs_startup - dma wake lock
<4>msm_serial_hs: Rx break
<6>(msm_serial_hs) msm_hs_shutdown - dma wake unlock
<3>Unknown PM state 3
<7>qtaguid-I was designed to piss you off
<6>bcm2079x-i2c 17-0077: dev node major=10, minor=34
<6>bcm2079x-i2c 17-0077: dev node major=10, minor=34
<3>init: Warning!  Service lmkd needs a SELinux domain defined; please fix!
<6>healthd: Healthd mode is android
<3>init: Warning!  Service modem-sh needs a SELinux domain defined; please fix!
<3>init: Warning!  Service qcom-c_core-sh needs a SELinux domain defined; please fix!
<3>init: Warning!  Service config_bluetooth needs a SELinux domain defined; please fix!
<3>init: Warning!  Service qcom-usb-sh needs a SELinux domain defined; please fix!
<3>Unknown PM state 0
<6>(msm_serial_hs) msm_hs_startup - dma wake lock
<4>msm_serial_hs: Rx break
<6>(msm_serial_hs) msm_hs_shutdown - dma wake unlock
<3>Unknown PM state 3
<3>Unknown PM state 0
<6>(msm_serial_hs) msm_hs_startup - dma wake lock
<4>msm_serial_hs: Rx break
<6>(msm_serial_hs) msm_hs_shutdown - dma wake unlock
<3>Unknown PM state 3
<6>Adding 1048572k swap on /dev/block/vnswap0.  Priority:-1 extents:1 across:1048572k SSFS
<6>volume_up_key wakeup status 0
<6>volume_down_key wakeup status 0
<6>home_key wakeup status 1
<3>init: service 'console' requires console
<3>init: Warning!  Service scs needs a SELinux domain defined; please fix!
<3>init: cannot find '/system/bin/debuggerd64', disabling 'debuggerd64'
<3>init: Warning!  Service DR-daemon needs a SELinux domain defined; please fix!
<6>warning: `qcks' uses 32-bit capabilities (legacy support in use)
<6>max77693-muic max77693-muic: func:max77693_muic_show_manualsw ap(0),cp(1),vps(2)sw_path:0
<3>init: Warning!  Service qcom-c_main-sh needs a SELinux domain defined; please fix!
<3>init: Warning!  Service macloader needs a SELinux domain defined; please fix!
<3>init: Warning!  Service sec-sh needs a SELinux domain defined; please fix!
<3>init: cannot find '/system/bin/rf4ce', disabling 'rf4ce'
<3>init: cannot find '/system/bin/imsqmidaemon', disabling 'imsqmidaemon'
<3>init: Warning!  Service zygote needs a SELinux domain defined; please fix!
<3>init: cannot setexeccon('u:r:sudaemon:s0'): Invalid argument
<3>init: cannot find '/system/bin/dpmd', disabling 'dpmd'
<3>init: cannot find '/system/bin/loc_launcher', disabling 'loc_launcher'
<3>init: Warning!  Service qcom-sh needs a SELinux domain defined; please fix!
<3>init: Warning!  Service ppd needs a SELinux domain defined; please fix!
<3>init: cannot find '/system/bin/vcsFPService', disabling 'vcsFPService'
<3>init: service 'console' requires console
<4>init.sec.boot.sh: start
<7>usb: enable_store enabled=0, !dev->enabled=1
<6>sdcardfs: version 2.1.1
<6>sdcardfs: dev_name -> /data/privatemode
<6>sdcardfs: options -> uid=1000,gid=1000,wgid=1015
<6>sdcardfs: mounted on top of /data/privatemode type ext4
<7>SELinux: initialized (dev sdcardfs, type sdcardfs), uses xattr
<3>init: untracked pid 316 exited with status 0
<7>usb: functions_store buff=mtp,acm,adb
<7>usb: android_enable_function name=mtp
<7>usb: android_enable_function name=acm
<7>usb: android_enable_function name=adb
<7>usb: enable_store enabled=1, !dev->enabled=1
<7>usb: enable_store f:mtp
<7>usb: enable_store f:acm
<7>usb: acm is enabled. (bcdDevice=0x400)
<7>usb: enable_store f:adb
<7>usb: enable_store vendor=4e8,product=6860,bcdDevice=400
<7>,Class=0,SubClass=0,Protocol=0
<7>usb: enable_store next cmd : usb_add_config
<3>init: Warning!  Service mcStarter needs a SELinux domain defined; please fix!
<6>adb_open
<7>usb: android_bind_enabled_functions f:mtp
<7>[mtpg_function_bind]	line = [1232]
<7>usb: android_bind_enabled_functions f:acm
<6>DUN is registerd
<7>usb: android_bind_enabled_functions f:adb
<6>sdcardfs: version 2.1.1
<6>sdcardfs: dev_name -> /data/media
<6>sdcardfs: options -> uid=1023,gid=1023,wgid=1015,derive=legacy,reserved_mb=20
<6>sdcardfs: created packagelist pkgld/358
<6>sdcardfs: mounted on top of /data/media type ext4
<7>SELinux: initialized (dev sdcardfs, type sdcardfs), uses xattr
<6>rmnet usb ctrl Initialized.
<6>usbcore: registered new interface driver rmnet_usb
<6>sdcardfs: read_package_list
<6>EXT4-fs (mmcblk0p16): re-mounted. Opts: (null)
<3>init: no such service 'quipc_igsn'
<3>init: no such service 'quipc_main'
<6>MobiCore mcd: *** <t MTK, Build: Nov  5 2014, 18:40:38 ***
<6>MobiCore mcd: *** jenkins-Generic_integration_build-1111 ###
<4>QSEECOM: qseecom_load_app: App (skmm_ta) does'nt exist, loading apps for first time
<4>QSEECOM: qseecom_load_app: App with id 1 (skmm_ta) now loaded
<4>healthd: batteryPogoOnlnePath not found
<4>healthd: BatteryHighVoltageChargerPath not found
<4>healthd: batteryCapacitymaxPath not found
<6>healthd: battery l=84 v=3987 t=35.0 h=2 st=3 c=0 o=1 ca=460 ct=0 ps=0 chg=
<6>healthd-android: healthd_mode_android_battery_update
<6>BatteryPropertiesRegistrar: notifyListeners : start
<6>BatteryPropertiesRegistrar: notifyListeners : done
<6>mdp_bus_scale_restore_request: ab=3080000000 ib=3080000000
<6>mdp_bus_scale_restore_request: ab=3080000000 ib=3080000000
<6>mipi_dsi_controller_cfg: DSI status=8 failed
<6>[lcd] DSI REGULATOR SET ...
<6>[lcd] PANEL REGULATOR SET ...
<3>init: untracked pid 530 exited with status 0
<6>[lcd] PANEL ON
<6>[lcd] DSI ON
<6>mipi_samsung_manufacture_id id0:  0x42, id1: 0x80, id2: 0x47
<6>cmd_set_change : ldi_rev : I 
<6>read_reg : C8[33] : 00 12 01 10 00 39 .5e 5f 5e 59 5c 59 .48 4c 47 4e 53 52 .60 62 61 5e 62 5f .51 5c 52 44 5b 47 .02 03 02 01 16 01 .
<6>#### LSI panel!!
<6>read_reg : C8[7] : 01 16 01 12 01 18 .0a 42 03 00 00 00 .
<6>read_reg : C8[15] : 7e 7f 7f 7d 7d 7d .7b 7c 7c 7f 7e 7d .7f 80 80 00 00 00 .
<6>read_reg : A1[4] : 0b d4 0c aa ff ff .
<6>coordinate_tunning x : 3028, y : 3242, tune_number : 5
<6>gamma_cell_determine ldi_revision: 0x428047
<6>generate_gray_scale end
<6>[mipi_samsung_disp_on]
<4>Rob's DSI ON HOOK
<6>[POWERSUSPEND] panel resquests wakeup.
<6>[POWERSUSPEND] state change requested, but unchanged ?! Ignored !
<4>[STATE NOTIFIER] - Resume Called
<4>[STATE_NOTIFIER] Skipping Resume
<6>[mipi_samsung_disp_on_in_video_engine] ID : 0x428047 LDI : LDI_LSI
<3>[mdnie lite] is negative Mode On = 0
<3>[mdnie lite]  = UI MODE =
<3>[mdnie lite]  = DYNAMIC MODE =
<3>[mdnie lite]  send tuning cmd!!
<6>hdmi_msm hdmi_msm.1: hdmi_msm_hpd_feature: 1
<7>SELinux: 2048 avtab hash slots, 16070 rules.
<7>SELinux: 2048 avtab hash slots, 16070 rules.
<7>SELinux:  1 users, 2 roles, 1343 types, 0 bools, 1 sens, 1024 cats
<7>SELinux:  86 classes, 16070 rules
<7>SELinux: 2048 avtab hash slots, 23719 rules.
<7>SELinux: 2048 avtab hash slots, 23719 rules.
<7>SELinux:  1 users, 2 roles, 1343 types, 0 bools, 1 sens, 1024 cats
<7>SELinux:  86 classes, 23719 rules
<4>mdp4_overlay_borderfill_stage_up mixer(0) start
<4>mdp4_overlay_borderfill_stage_up mixer(0) end
<6>LED Powering Pattern on
<7>led pattern : 6 is activated
<6>=[ES325]=es325_wrapper_wakeup(dai->id = 1) es325 not activated 0 0 0
<7>SELinux: 2048 avtab hash slots, 23719 rules.
<3>init: untracked pid 380 exited with status 1
<7>SELinux: 2048 avtab hash slots, 23719 rules.
<7>SELinux:  1 users, 2 roles, 1343 types, 0 bools, 1 sens, 1024 cats
<7>SELinux:  86 classes, 23719 rules
<3>init: untracked pid 764 exited with status 1
<3>init: untracked pid 318 exited with status 1
<6>touch_tout1_on
<6>pil pil0: q6: Brought out of reset
<3>init: untracked pid 850 exited with status 1
<6>apr_tal:Q6 Is Up
<6>apr_tal: SMD_EVENT_OPEN
<7>SELinux: initialized (dev tmpfs, type tmpfs), uses transition SIDs
<6>=[ES325]=es325_wrapper_wakeup(dai->id = 2) es325 not activated 0 0 0
<6>apr_tal: SMD_EVENT_OPEN
<4>[134]
<7>SELinux: 2048 avtab hash slots, 23719 rules.
<7>SELinux: 2048 avtab hash slots, 23719 rules.
<7>SELinux:  1 users, 2 roles, 1343 types, 0 bools, 1 sens, 1024 cats
<7>SELinux:  86 classes, 23719 rules
<3>init: untracked pid 713 exited with status 1
<3>init: untracked pid 1159 exited with status 1
<6>max77693-muic max77693-muic: func:max77693_muic_usb_detect info->muic_data->sw_path:0
<6>SELinux:  Context u:object_r:ping_exec:s0 is not valid (left wildcarded).
<6>[SSP] : set_hw_offset, skip DL state = 3
<6>proximity_open_calibration: proximity ps_canc = 0, ps_thresh hi - 60 lo - 45
<6>proximity_open_calibration: proximity ps_canc = 0, ps_thresh hi - 60 lo - 45
<6>[SSP] engine_version2_store - engine_ver2 = SHTC1_v2.1.10.23_140103, SHTC1_v2.1.10.23_140103
<6>[SSP] engine_version_store - engine_ver = SHTC1_v2.1.10.0_140103, SHTC1_v2.1.10.0_140103
<3>[SSP]: mag_store_hwoffset - get_hw_offset failed
<6>mdm_status_change: status = 1: mdm id 0 is now ready
<6>msm_hsic_host msm_hsic_host: remove, state 1
<6>usb usb1: USB disconnect, device number 1
<6>usb 1-1: USB disconnect, device number 2
<6>msm_hsic_host msm_hsic_host: USB bus 1 deregistered
<6>msm_hsic_host msm_hsic_host: Qualcomm EHCI Host Controller using HSIC
<6>msm_hsic_host msm_hsic_host: new USB bus registered, assigned bus number 1
<6>msm_hsic_host msm_hsic_host: irq 261, io mem 0x12510000
<6>msm_hsic_host msm_hsic_host: USB 2.0 started, EHCI 1.00
<6>usb usb1: New USB device found, idVendor=1d6b, idProduct=0002
<6>usb usb1: New USB device strings: Mfr=3, Product=2, SerialNumber=1
<6>usb usb1: Product: Qualcomm EHCI Host Controller using HSIC
<6>usb usb1: Manufacturer: Linux 3.4.113-machinex-Mark78 ehci_hcd
<6>usb usb1: SerialNumber: msm_hsic_host
<6>hub 1-0:1.0: USB hub found
<6>hub 1-0:1.0: 1 port detected
<3>genirq: Threaded irq requested with handler=NULL and !ONESHOT for irq 337
<3>mdm_driver_queue_notification: Couldn't find notif for dev EXTERNAL_MODEM
<6>usb 1-1: new high-speed USB device number 2 using msm_hsic_host
<6>usb 1-1: New USB device found, idVendor=05c6, idProduct=904c
<6>usb 1-1: New USB device strings: Mfr=3, Product=2, SerialNumber=0
<6>usb 1-1: Product: Qualcomm CDMA Technologies MSM
<6>usb 1-1: Manufacturer: Qualcomm, Incorporated
<6>qc_csvt 1-1:1.4: qc_csvt converter detected
<6>usb 1-1: qc_csvt converter now attached to ttyUSB0
<6>rmnet_usb 1-1:1.6: rmnet_usb0: register 'rmnet_usb' at usb-msm_hsic_host-1, RmNET net device, 22:bf:27:1b:b6:45
<6>rmnet_usb 1-1:1.7: rmnet_usb1: register 'rmnet_usb' at usb-msm_hsic_host-1, RmNET net device, 22:bf:27:1b:b6:45
<6>rmnet_usb 1-1:1.8: rmnet_usb2: register 'rmnet_usb' at usb-msm_hsic_host-1, RmNET net device, 22:bf:27:1b:b6:45
<6>proximity_open_calibration: proximity ps_canc = 0, ps_thresh hi - 60 lo - 45
<6>[SSP]: set_hw_offset: x: -1, y: 1, z: 1
<6>ssp_sensorhub_report_notice: reset
<7>TX UART: 0d 0a 2b 55 41 52 54 20 52 45 41 44 59 0d 0a     ..+UART READY..
<6>adb_release
<7>usb: usb_remove_config cdev->config=  (null), config=dd475d80
<7>[mtpg_function_unbind]	line = [1207]
<6>DUN is unregisterd
<7>SELinux: 2048 avtab hash slots, 23719 rules.
<7>SELinux: 2048 avtab hash slots, 23719 rules.
<7>SELinux:  1 users, 2 roles, 1343 types, 0 bools, 1 sens, 1024 cats
<7>SELinux:  86 classes, 23719 rules
<6>adb_open
<7>usb: android_bind_enabled_functions f:mtp
<7>[mtpg_function_bind]	line = [1232]
<7>usb: android_bind_enabled_functions f:acm
<6>DUN is registerd
<7>usb: android_bind_enabled_functions f:adb
<3>init: untracked pid 2190 exited with status 0
<7>SELinux: 2048 avtab hash slots, 23719 rules.
<7>SELinux: 2048 avtab hash slots, 23719 rules.
<7>SELinux:  1 users, 2 roles, 1343 types, 0 bools, 1 sens, 1024 cats
<7>SELinux:  86 classes, 23719 rules
<3>init: untracked pid 2192 exited with status 1
<3>init: untracked pid 2220 exited with status 1
<6>max77693-muic max77693-muic: func:max77693_muic_dock_usb_detect info->muic_data->sw_path:0
<6>max77693-muic max77693-muic: func:max77693_muic_mhl_detect cable_type:0
<6>gamma_cell_determine ldi_revision: 0x428047
<6>generate_gray_scale end
<4>[machinex] HW QRNGD ACTIVATED
<6>EXT4-fs (mmcblk0p16): re-mounted. Opts: (null)
<4>[machinex] Early Init Complete
<6>sec-fuelgauge 11-0036: 0x02(0xc6), 0x03(0x20), 0x04(0xa8), 0x05(0xfa), 0x06(0x00), 0x07(0x00), 0x08(0x00), 0x09(0x12), 0x0a(0x00), 0x0b(0x00), 0x0c(0x6c), 0x0d(0x1e), 
<6>sec-fuelgauge 11-0036: 0x14(0x00), 0x15(0xff), 0x16(0x00), 0x17(0xdf), 0x18(0x7d), 0x19(0x00), 0x1a(0x01), 0x1b(0xff), 
<6>sec-fuelgauge 11-0036: sec_fg_get_atomic_capacity: old : 84, current : 84
<6>sec-battery sec-battery: sec_bat_get_battery_info:Vnow(3962mV),Inow(460mA),SOC(84%),Tbat(347)
<6>max77693-muic max77693-muic: func:max77693_muic_monitor_status, ST1:0x3f, ST2:0x0 CABLE:0
<6>healthd: battery l=84 v=3962 t=34.7 h=2 st=3 c=0 o=1 ca=460 ct=0 ps=0 chg=
<6>healthd-android: healthd_mode_android_battery_update
<6>BatteryPropertiesRegistrar: notifyListeners : start
<6>BatteryPropertiesRegistrar: notifyListeners : done
<6>sdcardfs: inotify event: 00000400
<6>sdcardfs: inotify event: 00008000
<6>sdcardfs: read_package_list
<6>binder: 228:228 BC_REQUEST_DEATH_NOTIFICATION death notification already set
<6>BatteryPropertiesRegistrar: registerListener : start
<6>healthd: battery l=84 v=3962 t=34.7 h=2 st=3 c=0 o=1 ca=460 ct=0 ps=0 chg=
<6>healthd-android: healthd_mode_android_battery_update
<6>BatteryPropertiesRegistrar: notifyListeners : start
<6>IBatteryPropertiesListener : batteryPropertiesChanged!
<6>: 
<6>BatteryPropertiesRegistrar: notifyListeners : done
<6>BatteryPropertiesRegistrar: registerListener : done
<6>synaptics_rmi4_i2c 3-0020: cmd_store: Command = clear_cover_mode,0
<6>[Touchkey] IC id 20065
<6>cypress_touchkey 16-0020: [Touchkey] normal_mode Enabled from flipmode
<6>[Touchkey] IC id 20065
<4>lowmem_shrink: convert oom_adj to oom_score_adj:
<4>oom_adj 0 => oom_score_adj 0
<4>oom_adj 1 => oom_score_adj 58
<4>oom_adj 2 => oom_score_adj 117
<4>oom_adj 4 => oom_score_adj 235
<4>oom_adj 9 => oom_score_adj 529
<4>oom_adj 15 => oom_score_adj 1000
<7>[TouchKey] normal_mode Enabled
<7>led pattern : 0 is activated
<3>init: Warning!  Service usf-post-boot needs a SELinux domain defined; please fix!
<6>sdcardfs: inotify event: 00000400
<6>sdcardfs: inotify event: 00008000
<6>sdcardfs: read_package_list
<6>binder: 228:228 BC_REQUEST_DEATH_NOTIFICATION death notification already set
<3>q6asm_get_audio_client: invalid session: -1
<4>audio client is null
<3>q6asm_get_audio_client: invalid session: -1
<4>audio client is null
<7>usb: state_show buf=DISCONNECTED
<6>acc_open
<6>acc_release
<7>[TouchKey] cypress_touchkey_led_work:0x20 
<6>mipi_samsung_disp_backlight 0
<7>[TouchKey] cypress_touchkey_led_work:0x20 
<6>mipi_samsung_disp_backlight 300
<4>dhd_module_init in
<4>found wifi platform device bcmdhd_wlan
<4>Power-up adapter 'DHD generic adapter'
<4>wifi_platform_set_power = 1
<4>WiFi: trying to acquire BT lock
<4>####btlock acquired cookie: WiFi
<4>wifi_platform_set_power: btlock acquired
<4>check BCM4335, check_bcm4335_rev 
<4>/data/.rev file Found
<4>Found BCM4335B0
<6>------------------------------------------------
<6>------------------------------------------------
<6>brcm_wlan_power Enter: power on
<6>barcode_emul_ice4: ice_gpiox_get : num = 4 , val = 0
<6>barcode_emul_ice4: ice_gpiox_set : num = 4 , val = 1
<3>hostwake line change [BT]
<3>bluesleep_sleep_wakeup : already wake up, so start timer... [BT]
<4>[brcm_wlan_power] Bluetooth Power On.
<6>barcode_emul_ice4: ice_gpiox_set : num = 3 , val = 1
<6>barcode_emul_ice4: ice_gpiox_set : num = 4 , val = 0
<4>[brcm_wlan_power] BT_REG_OFF.
<4>wifi_platform_bus_enumerate device present 1
<4>brcm_wifi_status:301 status 1
<6>mmc1: Slot status change detected (0 -> 1)
<4>mmc1: queuing unknown CIS tuple 0x80 (2 bytes)
<4>mmc1: queuing unknown CIS tuple 0x80 (7 bytes)
<4>mmc1: queuing unknown CIS tuple 0x80 (3 bytes)
<6>msm_vidc_venc: Inside vid_enc_open()
<6>
<6> msm_vidc_enc: Inside vid_enc_open_client()
<4>
<4>res_trk_download_firmware(): Request firmware download
<4>mmc1: remove initialize and start re-tuning timerto prevent CMD53 request timeout 
<6>sps:BAM 0x12182000 (va:0xe33fc000) enabled: ver:0x5, number of pipes:6
<6>sps:BAM 0x12182000 (va:0xe33fc000) enabled: ver:0x5, number of pipes:6
<4>mmc1: queuing unknown CIS tuple 0x91 (3 bytes)
<6>mmc1: new ultra high speed SDR104 SDIO card at address 0001
<4>bcmsdh_sdmmc: bcmsdh_sdmmc_probe Enter
<4>bcmsdh_sdmmc: bcmsdh_sdmmc_probe Enter
<4>bus num (host idx)=1, slot num (rca)=1
<4>found adapter info 'DHD generic adapter'
<4>alloc static buf at c7e80000!
<4>F1 signature OK, socitype:0x1 chip:0x4335 rev:0x1 pkg:0x0
<4>DHD: dongle ram size is set to 786432(orig 786432) at 0x180000
<6>fw_version 9:23:2014
<6>CFG80211-INFO2) wl_event_handler : tsk Enter, tsk = 0xdc632620
<4>wl_create_event_handler(): thread:wl_event_handler:a22 started
<6>
<6> msm_vidc_enc: Inside vid_enc_release()
<6>
<6> msm_vidc_enc: Inside vid_enc_close_client()p2p0: P2P Interface Registered
<4>dhd_attach(): thread:dhd_watchdog_thread:a26 started
<4>dhd_attach(): thread:dhd_dpc:a27 started
<4>dhd_attach(): thread:dhd_rxf:a28 started
<4>dhd_deferred_work_init: work queue initialized 
<4>CHIP VER = [0x1]
<4>----- CHIP bcm4335_B0 -----
<4>dhdsdio_download_firmware: firmware path=/system/etc/wifi/bcmdhd_sta.bin, nvram path=/system/etc/wifi/nvram_net.txt_semcosh
<6>
<6> msm_vidc_enc: Return from vid_enc_release()
<6>msm_vidc_venc: Inside vid_enc_open()
<6>
<6> msm_vidc_enc: Inside vid_enc_open_client()
<6>fw_version 9:23:2014
<6>
<6> msm_vidc_enc: Inside vid_enc_release()
<6>
<6> msm_vidc_enc: Inside vid_enc_close_client()
<6>
<6> msm_vidc_enc: Return from vid_enc_release()
<6>msm_vidc_venc: Inside vid_enc_open()
<6>
<6> msm_vidc_enc: Inside vid_enc_open_client()
<6>fw_version 9:23:2014
<6>
<6> msm_vidc_enc: Inside vid_enc_release()
<6>
<6> msm_vidc_enc: Inside vid_enc_close_client()
<6>
<6> msm_vidc_enc: Return from vid_enc_release()dhdsdio_write_vars: Download, Upload and compare of NVRAM succeeded.
<6>msm_vidc_dec: Inside vid_dec_open()dhd_bus_init: enable 0x06, ready 0x06 (waited 0us)
<4>dhd_wl_ioctl: WLC_GET_VAR: cisdump, ret = -23
<4>[WIFI_SEC] dhd_check_module_cid: CIS reading failed, ret=-23
<6>fw_version 9:23:2014
<6>msm_vidc_dec: Inside vid_dec_release()Firmware up: op_mode=0x0015, MAC=c0:f3:2c
<4>[WIFI_SEC] sec_control_pm: POWER_VAL = 1 
<4>dhdcdc_set_ioctl: SET PM to 2
<4>dhd_wl_ioctl: WLC_SET_VAR: aibss_bcn_force_config, ret = -23
<4>dhd_preinit_ioctls Set aibss_bcn_force_config to 500, 5000, 5000 failed -23
<6>msm_vidc_dec: Return from vid_dec_release()Firmware version = wl0: Mar  5 2015 16:46:55 version 6.30.171.24.64 (B0 Station/P2P)
<4>[WIFI_SEC] .wifiver.info already saved.
<4>dhd_wl_ioctl: WLC_SET_VAR: ampdu_hostreorder, ret = -23
<4>dhd_preinit_ioctls wl ampdu_hostreorder failed -23
<4>dhd_wl_ioctl: WLC_GET_VAR: pfnlbest, ret = -23
<4>dhd_wl_ioctl: WLC_GET_VAR: cisdump, ret = -23
<4>[WIFI_SEC] dhd_check_module_mac: Check module mac by legacy FW : c0:f3:2c
<4>[WIFI_SEC] Check Mac address in .mac.info 
<4>Dongle Host Driver, version 1.141.64.13 (r)
<4>Compiled in drivers/net/wireless/bcmdhd on Jan 16 2017 at 08:49:05
<4>Register interface [wlan0]  MAC: c0:f3:2c
<4>
<4>####btlock released, cookie: WiFi
<4>wl_android_post_init: btlock released
<6>pil pil1: vidc: Brought out of reset
<6>fw_version 7:31:2012
<3>Securing...
<6>msm_vidc_dec: Inside vid_dec_release_secure()
<6>CFG80211-INFO2) wl_cfg80211_attach_post : p2p0: p2p_dev_addr=c2:f3:2c
<3>Unsecuring....
<6>msm_vidc_dec: Return from vid_dec_release_secure()
<6>msm_vidc_dec: Inside vid_dec_open()
<7>qtaguid-I was designed to piss you off
<6>fw_version 9:23:2014
<6>msm_vidc_dec: Inside vid_dec_release()
<6>msm_vidc_dec: Return from vid_dec_release()
<7>qtaguid-I was designed to piss you off
<6>msm_vidc_dec: Inside vid_dec_open()
<6>fw_version 9:23:2014
<6>msm_vidc_dec: Inside vid_dec_release()
<6>msm_vidc_dec: Return from vid_dec_release()
<6>CFG80211-TRACE) __wl_cfg80211_scan : START SCAN
<6>msm_vidc_dec: Inside vid_dec_open()
<6>fw_version 9:23:2014
<6>msm_vidc_dec: Inside vid_dec_release()
<6>msm_vidc_dec: Return from vid_dec_release()
<6>msm_vidc_dec: Inside vid_dec_open()
<3>WLDEV-ERROR) wldev_set_country : wldev_set_country: set country for CA as US rev 0
<6>fw_version 9:23:2014
<6>msm_vidc_dec: Inside vid_dec_release()
<6>msm_vidc_dec: Return from vid_dec_release()
<6>CFG80211-TRACE) wl_escan_handler : SCAN COMPLETED: scanned AP count=4
<4>dhd_wl_ioctl: WLC_IOCTL: cmd: 23, ret = -17
<6>CFG80211-INFO2) wl_cfg80211_connect : Connectting withc8:26:15 channel (11) ssid "something", len (9)
<4>
<4>wl_bss_connect_done succeeded with c8:26:15
<4>dhdcdc_set_ioctl: SET PM to 0
<4>ETHER_TYPE_802_1X: ver 2, type 3, replay 0
<4>ETHER_TYPE_802_1X [TX]: ver 1, type 3, replay 0
<4>ETHER_TYPE_802_1X: ver 2, type 3, replay 1
<4>ETHER_TYPE_802_1X [TX]: ver 1, type 3, replay 1
<6>CFG80211-TRACE) __wl_cfg80211_scan : START SCAN
<3>Tx has been idle [BT]
<4>wl_bss_connect_done succeeded with c8:26:15
<6>barcode_emul_ice4: ice_gpiox_set : num = 5 , val = 0
<6>barcode_emul_ice4: ice_gpiox_set : num = 5 , val = 1
<6>bcm2079x-i2c 17-0077: dev node major=10, minor=34
<6>bcm2079x-i2c 17-0077: bcm2079x_dev_unlocked_ioctl: got wake lock
<6>bcm2079x-i2c 17-0077: bcm2079x_dev_unlocked_ioctl, BCMNFC_WAKE_CTL (fa05, 0):
<6>bcm2079x-i2c 17-0077: bcm2079x_dev_unlocked_ioctl, BCMNFC_POWER_CTL (fa01, 0):
<6>bcm2079x-i2c 17-0077: bcm2079x_dev_unlocked_ioctl, BCMNFC_POWER_CTL (fa01, 1):
<6>FAT-fs (mmcblk1p1[179:33]): trying to mount...
<6>FAT-fs (mmcblk1p1[179:33]): mounted successfully!
<7>SELinux: initialized (dev mmcblk1p1, type vfat), uses xattr
<6>sdcardfs: version 2.1.1
<6>sdcardfs: dev_name -> /mnt/media_rw/extSdCard
<6>sdcardfs: options -> uid=1023,gid=1023,wgid=1023,derive=unified,lower_fs=fat
<6>sdcardfs: created packagelist pkgld/3236
<6>sdcardfs: mounted on top of /mnt/media_rw/extSdCard type vfat
<7>SELinux: initialized (dev sdcardfs, type sdcardfs), uses xattr
<6>sdcardfs: read_package_list
<6>bcm2079x-i2c 17-0077: bcm2079x_dev_unlocked_ioctl: got wake lock
<6>bcm2079x-i2c 17-0077: bcm2079x_dev_unlocked_ioctl, BCMNFC_WAKE_CTL (fa05, 0):
<6>bcm2079x-i2c 17-0077: bcm2079x_dev_unlocked_ioctl, BCMNFC_POWER_CTL (fa01, 0):
<6>bcm2079x-i2c 17-0077: bcm2079x_dev_unlocked_ioctl, BCMNFC_POWER_CTL (fa01, 1):
<6>sdcardfs: inotify event: 00000400
<6>sdcardfs: inotify event: 00000400
<6>sdcardfs: inotify event: 00008000
<6>sdcardfs: read_package_list
<6>sdcardfs: inotify event: 00008000
<6>sdcardfs: read_package_list
<6>msm_thermal: Limiting cpu0 max frequency to 1674000
<6>msm_thermal: Limiting cpu1 max frequency to 1674000
<6>msm_thermal: Limiting cpu2 max frequency to 1674000
<6>msm_thermal: Limiting cpu3 max frequency to 1674000
<6>bcm2079x-i2c 17-0077: bcm2079x_dev_unlocked_ioctl: got wake lock
<6>bcm2079x-i2c 17-0077: bcm2079x_dev_unlocked_ioctl, BCMNFC_WAKE_CTL (fa05, 0):
<6>bcm2079x-i2c 17-0077: bcm2079x_dev_unlocked_ioctl: got wake lock
<6>bcm2079x-i2c 17-0077: bcm2079x_dev_unlocked_ioctl, BCMNFC_WAKE_CTL (fa05, 0):
<6>bcm2079x-i2c 17-0077: bcm2079x_dev_unlocked_ioctl, BCMNFC_WAKE_CTL (fa05, 1):
<6>bcm2079x-i2c 17-0077: bcm2079x_dev_unlocked_ioctl: release wake lock, count_irq = 0
<6>msm_thermal: Limiting cpu0 max frequency to 1458000
<6>msm_thermal: Limiting cpu1 max frequency to 1458000
<6>msm_thermal: Limiting cpu2 max frequency to 1458000
<6>msm_thermal: Limiting cpu3 max frequency to 1458000
<6>msm_thermal: already running...
<6>msm_thermal: enabled = 1
<6>msm_thermal: Limiting cpu0 max frequency to 1242000
<6>msm_thermal: Limiting cpu1 max frequency to 1242000
<6>msm_thermal: Limiting cpu2 max frequency to 1242000
<6>msm_thermal: Limiting cpu3 max frequency to 1242000
<3>Tx has been idle [BT]
<6>barcode_emul_ice4: ice_gpiox_set : num = 5 , val = 0
<6>barcode_emul_ice4: ice_gpiox_set : num = 5 , val = 1
<6>[Touchkey] IC id 20065
<6>msm_thermal: Limiting cpu0 max frequency to 1026000
<6>msm_thermal: Limiting cpu1 max frequency to 1026000
<6>msm_thermal: Limiting cpu2 max frequency to 1026000
<6>msm_thermal: Limiting cpu3 max frequency to 1026000
<4>[machinex] Machinex Post-Init Finishing Up
<4>[mxpower] LATE RPM LPM WORKAOUND COMPLETE
<4>[machinex] Post-Init COMPLETE
<6>cypress_touchkey 16-0020: [Touchkey] normal_mode Enabled from flipmode
<6>[Touchkey] IC id 20065
<6>synaptics_rmi4_i2c 3-0020: cmd_store: Command = clear_cover_mode,0
<7>[TouchKey] normal_mode Enabled
<6>msm_thermal: Limiting cpu0 max frequency to 810000
<6>msm_thermal: Limiting cpu1 max frequency to 810000
<6>msm_thermal: Limiting cpu2 max frequency to 810000
<6>msm_thermal: Limiting cpu3 max frequency to 810000
<6>CFG80211-TRACE) wl_escan_handler : SCAN COMPLETED: scanned AP count=7
<6>bcm2079x-i2c 17-0077: bcm2079x_dev_unlocked_ioctl, BCMNFC_POWER_CTL (fa01, 0):
<6>sec-battery sec-battery: sec_bat_event_set: ignore duplicated deactivation of same event
<7>qtaguid-I was designed to piss you off
<7>qtaguid-I was designed to piss you off
<3>Tx has been idle [BT]
<6>barcode_emul_ice4: ice_gpiox_set : num = 5 , val = 0
<6>barcode_emul_ice4: ice_gpiox_set : num = 5 , val = 1
<7>led_lowpower mode set to 1
<7>led pattern : 0 is activated
<3>Tx has been idle [BT]
<6>barcode_emul_ice4: ice_gpiox_set : num = 5 , val = 0
<6>barcode_emul_ice4: ice_gpiox_set : num = 5 , val = 1
<7>p2p0: no IPv6 routers present
<6>cypress_touchkey 16-0020: cypress_touchkey_interrupt: back P 4, ver: 0x1c
<6>cypress_touchkey 16-0020: cypress_touchkey_interrupt: back R 8, ver: 0x1c
<6>msm_thermal: Limiting cpu0 max frequency to 1026000
<4>dhdcdc_set_ioctl: SET PM to 2
<6>msm_thermal: Limiting cpu1 max frequency to 1026000
<6>msm_thermal: Limiting cpu2 max frequency to 1026000
<6>msm_thermal: Limiting cpu3 max frequency to 1026000
<6>msm_thermal: Limiting cpu0 max frequency to 1242000
<6>msm_thermal: Limiting cpu1 max frequency to 1242000
<6>msm_thermal: Limiting cpu2 max frequency to 1242000
<6>msm_thermal: Limiting cpu3 max frequency to 1242000
<6>msm_thermal: Limiting cpu0 max frequency to 1458000
<6>msm_thermal: Limiting cpu1 max frequency to 1458000
<6>msm_thermal: Limiting cpu2 max frequency to 1458000
<6>msm_thermal: Limiting cpu3 max frequency to 1458000
<6>msm_thermal: Limiting cpu0 max frequency to 1674000
<6>msm_thermal: Limiting cpu1 max frequency to 1674000
<6>msm_thermal: Limiting cpu2 max frequency to 1674000
<6>msm_thermal: Limiting cpu3 max frequency to 1674000
<6>msm_thermal: Max frequency reset for cpu0
<6>msm_thermal: Max frequency reset for cpu1
<6>msm_thermal: Max frequency reset for cpu2
<6>msm_thermal: Max frequency reset for cpu3
<3>Tx has been idle [BT]
<6>barcode_emul_ice4: ice_gpiox_set : num = 5 , val = 0
<6>barcode_emul_ice4: ice_gpiox_set : num = 5 , val = 1
<3>Tx has been idle [BT]
<6>barcode_emul_ice4: ice_gpiox_set : num = 5 , val = 0
<6>barcode_emul_ice4: ice_gpiox_set : num = 5 , val = 1
<3>Tx has been idle [BT]
<6>barcode_emul_ice4: ice_gpiox_set : num = 5 , val = 0
<6>barcode_emul_ice4: ice_gpiox_set : num = 5 , val = 1
<6>cypress_touchkey 16-0020: cypress_touchkey_interrupt: back P 4, ver: 0x1c
<6>sec-fuelgauge 11-0036: 0x02(0xbe), 0x03(0x60), 0x04(0xa8), 0x05(0x00), 0x06(0x00), 0x07(0x00), 0x08(0x00), 0x09(0x12), 0x0a(0x00), 0x0b(0x00), 0x0c(0x6d), 0x0d(0x1e), 
<6>sec-fuelgauge 11-0036: 0x14(0x00), 0x15(0xff), 0x16(0x00), 0x17(0x3a), 0x18(0x7d), 0x19(0x00), 0x1a(0x01), 0x1b(0xff), 
<6>sec-fuelgauge 11-0036: sec_fg_get_atomic_capacity: old : 84, current : 84
<6>sec-battery sec-battery: sec_bat_get_battery_info:Vnow(3807mV),Inow(460mA),SOC(84%),Tbat(344)
<6>max77693-muic max77693-muic: func:max77693_muic_monitor_status, ST1:0x3f, ST2:0x0 CABLE:0
<6>healthd: battery l=84 v=3807 t=34.4 h=2 st=3 c=0 o=1 ca=460 ct=0 ps=0 chg=
<6>healthd-android: healthd_mode_android_battery_update
<6>BatteryPropertiesRegistrar: notifyListeners : start
<6>IBatteryPropertiesListener : batteryPropertiesChanged!
<6>: 
<6>BatteryPropertiesRegistrar: notifyListeners : done
<6>cypress_touchkey 16-0020: cypress_touchkey_interrupt: back R 8, ver: 0x1c
<6>cypress_touchkey 16-0020: cypress_touchkey_interrupt: back P 4, ver: 0x1c
<6>cypress_touchkey 16-0020: cypress_touchkey_interrupt: back R 8, ver: 0x1c
<6>cypress_touchkey 16-0020: cypress_touchkey_interrupt: back P 4, ver: 0x1c
<6>msm_thermal: Limiting cpu0 max frequency to 1674000
<6>msm_thermal: Limiting cpu1 max frequency to 1674000
<6>msm_thermal: Limiting cpu2 max frequency to 1674000
<6>msm_thermal: Limiting cpu3 max frequency to 1674000
<6>cypress_touchkey 16-0020: cypress_touchkey_interrupt: back R 8, ver: 0x1c
<6>cypress_touchkey 16-0020: cypress_touchkey_interrupt: back P 4, ver: 0x1c
<6>msm_thermal: Limiting cpu0 max frequency to 1458000
<6>msm_thermal: Limiting cpu1 max frequency to 1458000
<6>msm_thermal: Limiting cpu2 max frequency to 1458000
<6>msm_thermal: Limiting cpu3 max frequency to 1458000
<6>cypress_touchkey 16-0020: cypress_touchkey_interrupt: back R 8, ver: 0x1c
<6>msm_thermal: Limiting cpu0 max frequency to 1242000
<6>msm_thermal: Limiting cpu1 max frequency to 1242000
<6>msm_thermal: Limiting cpu2 max frequency to 1242000
<6>msm_thermal: Limiting cpu3 max frequency to 1242000
<6>msm_thermal: Limiting cpu0 max frequency to 1026000
<6>msm_thermal: Limiting cpu1 max frequency to 1026000
<6>msm_thermal: Limiting cpu2 max frequency to 1026000
<6>msm_thermal: Limiting cpu3 max frequency to 1026000
<6>sdcardfs: the sbi->obbpath is found
<6>msm_thermal: Limiting cpu0 max frequency to 810000
<6>msm_thermal: Limiting cpu1 max frequency to 810000
<6>msm_thermal: Limiting cpu2 max frequency to 810000
<6>msm_thermal: Limiting cpu3 max frequency to 810000
<3>Tx has been idle [BT]
<6>barcode_emul_ice4: ice_gpiox_set : num = 5 , val = 0
<6>barcode_emul_ice4: ice_gpiox_set : num = 5 , val = 1
<3>Tx has been idle [BT]
<6>barcode_emul_ice4: ice_gpiox_set : num = 5 , val = 0
<6>barcode_emul_ice4: ice_gpiox_set : num = 5 , val = 1
<3>[BT] Bluetooth Power Off.
<6>barcode_emul_ice4: ice_gpiox_set : num = 4 , val = 0
<6>barcode_emul_ice4: ice_gpiox_set : num = 5 , val = 0
<4>####btlock acquired cookie: BT35
<3>[BT] Bluetooth Power On.
<6>barcode_emul_ice4: ice_gpiox_set : num = 5 , val = 1
<6>barcode_emul_ice4: ice_gpiox_set : num = 4 , val = 1
<3>hostwake line change [BT]
<3>bluesleep_sleep_wakeup : already wake up, so start timer... [BT]
<3>Unknown PM state 0
<6>(msm_serial_hs) msm_hs_startup - dma wake lock
<6>msm_thermal: Limiting cpu0 max frequency to 1026000
<6>msm_thermal: Limiting cpu1 max frequency to 1026000
<6>msm_thermal: Limiting cpu2 max frequency to 1026000
<6>msm_thermal: Limiting cpu3 max frequency to 1026000
<4>####btlock released, cookie: BT35
<6>msm_thermal: Limiting cpu0 max frequency to 1242000
<6>msm_thermal: Limiting cpu1 max frequency to 1242000
<6>msm_thermal: Limiting cpu2 max frequency to 1242000
<6>msm_thermal: Limiting cpu3 max frequency to 1242000
<6>msm_thermal: Limiting cpu0 max frequency to 1458000
<6>msm_thermal: Limiting cpu1 max frequency to 1458000
<6>msm_thermal: Limiting cpu2 max frequency to 1458000
<6>msm_thermal: Limiting cpu3 max frequency to 1458000
<6>msm_thermal: Limiting cpu0 max frequency to 1674000
<6>msm_thermal: Limiting cpu1 max frequency to 1674000
<6>msm_thermal: Limiting cpu2 max frequency to 1674000
<6>msm_thermal: Limiting cpu3 max frequency to 1674000
<3>(bluesleep_write_proc_lpm) Reg HCI notifier. [BT]
<6>barcode_emul_ice4: ice_gpiox_set : num = 5 , val = 1
<3>hostwake line change [BT]
<3>bluesleep_sleep_wakeup : already wake up, so start timer... [BT]
<6>msm_thermal: Max frequency reset for cpu0
<6>msm_thermal: Max frequency reset for cpu1
<6>msm_thermal: Max frequency reset for cpu2
<6>msm_thermal: Max frequency reset for cpu3
<4>QSEECOM: qseecom_release: data: released = false, type = 1, data = 0xd5859b00
<4>QSEECOM: qseecom_load_app: App (tzapps) does'nt exist, loading apps for first time
<4>QSEECOM: qseecom_load_app: App with id 2 (tzapps) now loaded
<4>QSEECOM: qseecom_unload_app: App id 2 now unloaded
<6>QSEECOM: qseecom_unload_app: ref_count set to 0
<4>QSEECOM: qseecom_release: data: released = false, type = 1, data = 0xc8880300
<4>QSEECOM: qseecom_load_app: App (tzapps) does'nt exist, loading apps for first time
<4>QSEECOM: qseecom_load_app: App with id 2 (tzapps) now loaded
<4>QSEECOM: qseecom_unload_app: App id 2 now unloaded
<6>QSEECOM: qseecom_unload_app: ref_count set to 0
<6>max77693-muic max77693-muic: func:max77693_muic_show_adc ret:0 val:3f
<3>Tx data during last period [BT]
<3>hostwake line change [BT]
<3>bluesleep_sleep_wakeup : already wake up, so start timer... [BT]
<6>mipi_samsung_disp_acl_store : acl_status (0) siop_status (0)
<3>[mdnie lite] is negative Mode On = 0
<3>[mdnie lite]  = UI MODE =
<3>[mdnie lite]  = DYNAMIC MODE =
<3>[mdnie lite]  send tuning cmd!!
<6>accessibility_store cmd_value : 0 size : 1
<4>QSEECOM: qseecom_release: data: released = false, type = 1, data = 0xdb7fb280
<4>QSEECOM: qseecom_load_app: App (tzapps) does'nt exist, loading apps for first time
<4>QSEECOM: qseecom_load_app: App with id 2 (tzapps) now loaded
<6>mipi_samsung_temperature_show msd.mpd->temperature : 0 msd.mpd->temperature_value : 0x19
<6>msm_thermal: Limiting cpu0 max frequency to 1674000
<6>msm_thermal: Limiting cpu1 max frequency to 1674000
<6>msm_thermal: Limiting cpu2 max frequency to 1674000
<6>msm_thermal: Limiting cpu3 max frequency to 1674000
<4>QSEECOM: qseecom_unload_app: App id 2 now unloaded
<6>QSEECOM: qseecom_unload_app: ref_count set to 0
<6>sec-battery sec-battery: sec_bat_store_attrs: siop level: 50
<6>msm_thermal: Limiting cpu0 max frequency to 1458000
<6>msm_thermal: Limiting cpu1 max frequency to 1458000
<6>msm_thermal: Limiting cpu2 max frequency to 1458000
<6>msm_thermal: Limiting cpu3 max frequency to 1458000
<6>msm_thermal: Limiting cpu0 max frequency to 1242000
<6>msm_thermal: Limiting cpu1 max frequency to 1242000
<6>msm_thermal: Limiting cpu2 max frequency to 1242000
<6>msm_thermal: Limiting cpu3 max frequency to 1242000
<6>msm_thermal: Limiting cpu0 max frequency to 1026000
<6>msm_thermal: Limiting cpu1 max frequency to 1026000
<6>msm_thermal: Limiting cpu2 max frequency to 1026000
<6>msm_thermal: Limiting cpu3 max frequency to 1026000
<6>msm_thermal: Limiting cpu0 max frequency to 810000
<6>msm_thermal: Limiting cpu1 max frequency to 810000
<6>msm_thermal: Limiting cpu2 max frequency to 810000
<6>msm_thermal: Limiting cpu3 max frequency to 810000
<6>mipi_samsung_temperature_store 300
<6>mipi_samsung_temperature_store msd.mpd->temperature : 30 msd.mpd->temperature_value : 0x1e
<3>Tx data during last period [BT]
<6>(msm_serial_hs) msm_hs_shutdown - dma wake unlock
<3>Unknown PM state 3
<6>msm_thermal: Limiting cpu0 max frequency to 1026000
<6>msm_thermal: Limiting cpu1 max frequency to 1026000
<6>msm_thermal: Limiting cpu2 max frequency to 1026000
<6>msm_thermal: Limiting cpu3 max frequency to 1026000
<3>Tx has been idle [BT]
<6>barcode_emul_ice4: ice_gpiox_set : num = 5 , val = 0
<3>msm_hs_tx_empty: Failing GSBI clocks are OFF
<6>msm_thermal: Limiting cpu0 max frequency to 1242000
<6>msm_thermal: Limiting cpu1 max frequency to 1242000
<6>msm_thermal: Limiting cpu2 max frequency to 1242000
<6>msm_thermal: Limiting cpu3 max frequency to 1242000
<6>msm_thermal: Limiting cpu0 max frequency to 1458000
<6>msm_thermal: Limiting cpu1 max frequency to 1458000
<6>msm_thermal: Limiting cpu2 max frequency to 1458000
<6>msm_thermal: Limiting cpu3 max frequency to 1458000
<6>msm_thermal: Limiting cpu0 max frequency to 1674000
<6>msm_thermal: Limiting cpu1 max frequency to 1674000
<6>msm_thermal: Limiting cpu2 max frequency to 1674000
<6>msm_thermal: Limiting cpu3 max frequency to 1674000
<6>msm_thermal: Max frequency reset for cpu0
<6>msm_thermal: Max frequency reset for cpu1
<6>msm_thermal: Max frequency reset for cpu2
<6>msm_thermal: Max frequency reset for cpu3
<3>(bluesleep_write_proc_lpm) don`t control ext_wake & uart clk [BT]
<3>bluesleep_abnormal_stop_wq [BT]
<6>barcode_emul_ice4: ice_gpiox_set : num = 5 , val = 1
<3>BUG: scheduling while atomic: kworker/3:0/22/0x00000002
<4>Modules linked in: dhd
<4>[<c001c5a8>] (unwind_backtrace+0x0/0xfc) from [<c010b7c4>] (__schedule_bug+0x54/0x6c)
<4>[<c010b7c4>] (__schedule_bug+0x54/0x6c) from [<c0d25270>] (__schedule+0x658/0x79c)
<4>[<c0d25270>] (__schedule+0x658/0x79c) from [<c0d2365c>] (schedule_hrtimeout_range_clock.part.3+0xcc/0x2a0)
<4>[<c0d2365c>] (schedule_hrtimeout_range_clock.part.3+0xcc/0x2a0) from [<c00dbb08>] (usleep_range+0x48/0x58)
<4>[<c00dbb08>] (usleep_range+0x48/0x58) from [<c0a5dee0>] (ice_gpiox_set+0x1f0/0x320)
<4>[<c0a5dee0>] (ice_gpiox_set+0x1f0/0x320) from [<c094821c>] (bluesleep_abnormal_stop_wq+0x130/0x174)
<4>[<c094821c>] (bluesleep_abnormal_stop_wq+0x130/0x174) from [<c00ed544>] (process_one_work+0x158/0x6d0)
<4>[<c00ed544>] (process_one_work+0x158/0x6d0) from [<c00eef18>] (worker_thread+0x348/0x694)
<4>[<c00eef18>] (worker_thread+0x348/0x694) from [<c00f952c>] (kthread+0x140/0x158)
<4>[<c00f952c>] (kthread+0x140/0x158) from [<c0014e70>] (ret_from_kernel_thread+0x10/0x18)
<3>BUG: scheduling while atomic: kworker/3:0/22/0x00000002
<4>Modules linked in: dhd
<4>[<c001c5a8>] (unwind_backtrace+0x0/0xfc) from [<c010b7c4>] (__schedule_bug+0x54/0x6c)
<4>[<c010b7c4>] (__schedule_bug+0x54/0x6c) from [<c0d25270>] (__schedule+0x658/0x79c)
<4>[<c0d25270>] (__schedule+0x658/0x79c) from [<c0d2365c>] (schedule_hrtimeout_range_clock.part.3+0xcc/0x2a0)
<4>[<c0d2365c>] (schedule_hrtimeout_range_clock.part.3+0xcc/0x2a0) from [<c00dbb08>] (usleep_range+0x48/0x58)
<4>[<c00dbb08>] (usleep_range+0x48/0x58) from [<c0a5def8>] (ice_gpiox_set+0x208/0x320)
<4>[<c0a5def8>] (ice_gpiox_set+0x208/0x320) from [<c094821c>] (bluesleep_abnormal_stop_wq+0x130/0x174)
<4>[<c094821c>] (bluesleep_abnormal_stop_wq+0x130/0x174) from [<c00ed544>] (process_one_work+0x158/0x6d0)
<4>[<c00ed544>] (process_one_work+0x158/0x6d0) from [<c00eef18>] (worker_thread+0x348/0x694)
<4>[<c00eef18>] (worker_thread+0x348/0x694) from [<c00f952c>] (kthread+0x140/0x158)
<4>[<c00f952c>] (kthread+0x140/0x158) from [<c0014e70>] (ret_from_kernel_thread+0x10/0x18)
<3>[BT] Bluetooth Power Off.
<6>barcode_emul_ice4: ice_gpiox_set : num = 4 , val = 0
<6>barcode_emul_ice4: ice_gpiox_set : num = 5 , val = 0
<4>####btlock acquired cookie: BT35
<3>[BT] Bluetooth Power On.
<6>barcode_emul_ice4: ice_gpiox_set : num = 5 , val = 1
<6>barcode_emul_ice4: ice_gpiox_set : num = 4 , val = 1
<3>Unknown PM state 0
<6>(msm_serial_hs) msm_hs_startup - dma wake lock
<3>hostwake line change [BT]
<3>bluesleep_sleep_wakeup : already wake up, so start timer... [BT]
