[    0.000000] Truncating memory at 0xc0000000 to fit in 32-bit physical address space
[    0.000000] sec_tsp_mode: LCD_ID = 0x428047, val: 0X428047, ret1: 0x8
[    0.031341] AXI: msm_bus_fabric_init_driver(): msm_bus_fabric_init_driver
[    0.031707] MSM_DCVS: msm_dcvs_early_init: Unable to initialize DCVS err=4
[    0.054290] msm_rpm_get_status(): Status id 433 not defined for target
[    0.054321] msm_rpm_get_status(): Status id 433 not defined for target
[    0.054351] msm_rpm_get_status(): Status id 433 not defined for target
[    0.054351] msm_rpm_get_status(): Status id 433 not defined for target
[    0.054382] msm_rpm_get_status(): Status id 433 not defined for target
[    0.054412] msm_rpm_get_status(): Status id 433 not defined for target
[    0.054412] msm_rpm_get_status(): Status id 433 not defined for target
[    0.054443] msm_rpm_get_status(): Status id 433 not defined for target
[    0.408142] sensor_power_on_vdd: done
[    0.461608] i2c i2c-4: Failed to register i2c client imx135 at 0x10 (-16)
[    0.461822] i2c i2c-4: Can't create device at 0x10
[    0.462219] i2c i2c-4: Failed to register i2c client s5k3l1yx at 0x34 (-16)
[    0.462402] i2c i2c-4: Can't create device at 0x34
[    0.494476] ion_heap_create: Invalid heap type 3
[    0.498931] msm_slim_ctrl msm_slim_ctrl.1: Slim-dev:3 report inf element:0x0
[    0.499206] msm_slim_ctrl msm_slim_ctrl.1: offset:0x0:bit mask:8
[    0.499725] msm_slim_ctrl msm_slim_ctrl.1: Slim-dev:4 report inf element:0x400
[    0.499908] msm_slim_ctrl msm_slim_ctrl.1: offset:0x0:bit mask:8
[    0.575531] Error-Bad Function Input
[    0.576416] Error-Bad Function Input
[    0.927337] smd_channel_probe_worker: allocation table not initialized
[    0.936981] dma_test_init, minor number 37
[    0.945037] mdm_modem_probe: registered mdm id 0
[    0.945251] mdm_do_first_power_on:id 0: Powering on modem for the first time
[    0.995178] msm_slim_ctrl msm_slim_ctrl.1: Slim-dev:2 report inf element:0x400
[    0.995391] msm_slim_ctrl msm_slim_ctrl.1: offset:0x0:bit mask:8
[    1.247070] cont_splash_clk_ctrl: dsi_esc_clk - clk_set_rate failed
[    1.254547] [mdnie lite] start!
[    1.254669] [mdnie lite] end!
[    1.256195] hdmi_msm hdmi_msm.1: external_common_state_create: sysfs group df072c08
[    1.256561] Inside writeback_driver_init
[    1.256774] Inside writeback_probe
[    1.259704] Unknown PM state 0
[    1.259765] Unknown PM state 3
[    1.450622] wcd9xxx_slim_probe: failed to get slimbus tabla-slim logical address: -6
[    1.518493] msm_otg msm_otg: failed to get phy_clk
[    1.689819] couldn't get usb power supply
[    1.709564] [jc_spi_init:336] Entered
[    1.709625] [jc_spi_probe:301] Entered
[    1.709808] [jc_spi_probe:311] jc_spi successfully probed
[    1.709899] jc_config_isp_irq~~~~~~~~~~
[    1.710021] msm_eeprom_probe probe_fail
[    1.713775] msm_sensor_i2c_probe s5k6b2yx probe succeeded
[    1.713867] msm_eeprom_probe probe_fail
[    1.747406] mmc0: No card detect facilities available
[    1.871246] power_supply sec-fuelgauge: driver failed to report `status' property: 4294967274
[    1.871398] power_supply sec-fuelgauge: driver failed to report `status' property: 4294967274
[    1.888061] max77693_get_health_state: Fail to get psy (battery)
[    1.890716] power_supply sec-charger: driver failed to report `power_now' property: 4294967274
[    1.892364] max77693_get_health_state: Fail to get psy (battery)
[    1.894927] power_supply sec-charger: driver failed to report `power_now' property: 4294967274
[    1.907714] msm_audio_init: Not the right machine type
[    1.916625] mmc0: RX still active
[    1.916717] mmc0: SDCC PWR is ON
[    1.916809] mmc0: SDCC clks are ON, MCLK rate=400000
[    1.916870] mmc0: SDCC irq is enabled
[    1.916961] ===== SDCC-CORE: Register Dumps @phys_base=0x12400000, @virt_base=0xe3392000 =====
[    1.917083] Reg=0x00: 0x00000001, 0x01229d00, 0x00000000, 0x00001448
[    1.917175] Reg=0x10: 0x00000008, 0x00000900, 0x0f5903ff, 0xffffffef
[    1.917266] Reg=0x20: 0x924000d2, 0x00009c40, 0x00000200, 0x0010200b
[    1.917358] Reg=0x30: 0x00000000, 0x0026a400, 0x00000000, 0x408001ff
[    1.917449] Reg=0x40: 0x00000000, 0x00000000, 0x00000000, 0x00000000
[    1.917541] Reg=0x50: 0x06000018, 0x00000000, 0x00000000, 0x00000000
[    1.917633] Reg=0x60: 0x60026400, 0x00000000, 0x00000000, 0x00000000
[    1.917755] ===== SDCC-DML: Register Dumps @phys_base=0x12400800, @virt_base=0xe33ec800 =====
[    1.917816] Reg=0x00: 0x00000011, 0x00010000, 0x00000000, 0x00000000
[    1.917938] Reg=0x10: 0x00000000, 0x00001000, 0x00001000, 0x00020001
[    1.917999] Reg=0x20: 0x00000000, 0x00000200, 0x00000200, 0x00000000
[    1.918121] Reg=0x30: 0x00000000, 0x00000000, 0x00000000, 0x00000000
[    1.918243] Reg=0x40: 0x00000000, 0x00000000, 0x00000000, 0x00000000
[    1.918304] ===== SDCC-BAM: Register Dumps @phys_base=0x12402000, @virt_base=0xe3394000 =====
[    1.918426] Reg=0x00: 0x00000000, 0x00000000, 0x00000000, 0x00000000
[    1.918487] Reg=0x10: 0x00000000, 0x00000000, 0x00000000, 0x00000000
[    1.918609] Reg=0x20: 0x00000000, 0x00000000, 0x00000000, 0x00000000
[    1.918731] Reg=0x30: 0x00000000, 0x00000000, 0x00000000, 0x00000000
[    1.918792] Reg=0x40: 0x00000000, 0x00000000, 0x00000000, 0x00000000
[    1.918914] mmc0: MCI_TEST_INPUT = 0x000003fe
[    1.918975] mmc0: got_dataend=0, prog_enable=0, wait_for_auto_prog_done=0, got_auto_prog_done=0, req_tout_ms=10000
[    1.919097] mmc0: PM: sdcc_suspended=0, pending_resume=0, sdcc_suspending=0
[    1.919189] mmc0: RPM: runtime_status=0, usage_count=1, is_suspended=0, disable_depth=0, runtime_error=0, request_pending=0, request=0
[    1.930114] mmc0: msmsdcc_execute_tuning: found good phase = 0
[    1.930267] mmc0: msmsdcc_execute_tuning: found good phase = 1
[    1.930450] mmc0: msmsdcc_execute_tuning: found good phase = 2
[    1.930603] mmc0: msmsdcc_execute_tuning: found good phase = 3
[    1.931060] mmc0: msmsdcc_execute_tuning: found good phase = 5
[    1.931213] mmc0: msmsdcc_execute_tuning: found good phase = 6
[    1.931396] mmc0: msmsdcc_execute_tuning: found good phase = 7
[    1.931549] mmc0: msmsdcc_execute_tuning: found good phase = 8
[    1.931732] mmc0: msmsdcc_execute_tuning: found good phase = 9
[    1.931884] mmc0: msmsdcc_execute_tuning: found good phase = 10
[    1.932067] mmc0: msmsdcc_execute_tuning: found good phase = 11
[    1.932220] mmc0: msmsdcc_execute_tuning: found good phase = 12
[    1.932403] mmc0: msmsdcc_execute_tuning: found good phase = 13
[    1.932556] mmc0: msmsdcc_execute_tuning: found good phase = 14
[    1.932739] mmc0: msmsdcc_execute_tuning: found good phase = 15
[    1.932800] mmc0: msmsdcc_execute_tuning: finally setting the tuning phase to 15
[    2.192657] Unable to register core for 0
[    2.197906] sec-battery sec-battery: sec_battery_probe: Failed to Enable Wakeup Source(-6)
[    2.201324] irda_device_init called!
[    2.201782] barcode_emul_ice4: probe complete barcode_emul_probe
[    2.202148] brcm_wlan_power: WL_REG_ON  failed to pull up
[    2.202270] brcm_wlan_power: WL_REG_ON  failed to pull down
[    4.216766] brcm_wlan_power: WL_REG_ON  failed to pull up
[    4.216857] brcm_wlan_power: WL_REG_ON  failed to pull down
[    4.292938] synaptics_rmi4_i2c 3-0020: synaptics_ta_cb: device is in suspend state or reflash.
[    6.226776] brcm_wlan_power: WL_REG_ON  failed to pull up
[    6.226867] brcm_wlan_power: WL_REG_ON  failed to pull down
[    8.610504] mmc1: msmsdcc_execute_tuning: found good phase = 0
[    8.610656] mmc1: msmsdcc_execute_tuning: found good phase = 1
[    8.610839] mmc1: msmsdcc_execute_tuning: found good phase = 2
[    8.610961] mmc1: msmsdcc_execute_tuning: found good phase = 3
[    8.611145] mmc1: msmsdcc_execute_tuning: found good phase = 4
[    8.611267] mmc1: msmsdcc_execute_tuning: found good phase = 5
[    8.611450] mmc1: msmsdcc_execute_tuning: found good phase = 6
[    8.611602] mmc1: msmsdcc_execute_tuning: found good phase = 7
[    8.611785] mmc1: msmsdcc_execute_tuning: found good phase = 8
[    8.611907] mmc1: msmsdcc_execute_tuning: found good phase = 9
[    8.612091] mmc1: msmsdcc_execute_tuning: found good phase = 10
[    8.612213] mmc1: msmsdcc_execute_tuning: found good phase = 11
[    8.612396] mmc1: msmsdcc_execute_tuning: found good phase = 12
[    8.612548] mmc1: msmsdcc_execute_tuning: found good phase = 13
[    8.612731] mmc1: msmsdcc_execute_tuning: found good phase = 14
[    8.612854] mmc1: msmsdcc_execute_tuning: found good phase = 15
[    8.612976] mmc1: msmsdcc_execute_tuning: finally setting the tuning phase to 11
[   10.100372] init: /init.rc: 61: invalid command 'load_system_props'
[   10.100555] init: could not import file '/init.recovery.logd.rc' from '/init.rc'
[   10.103637] healthd: wakealarm_init: timerfd_create failed
[   12.169860] power_supply sec-fuelgauge: driver failed to report `status' property: 4294967274
[   12.241149] power_supply sec-charger: driver failed to report `power_now' property: 4294967274
[   12.482543] init: Unable to open persistent property directory /data/property errno: 2
[   12.482696] init: Unable to open persistent property directory /data/property errno: 2
[   12.485504] init: Warning!  Service recovery needs a SELinux domain defined; please fix!
[   13.087585] [mdnie lite] is negative Mode On = 0
[   13.087615] [mdnie lite] negative off when resume, tuning again!
[   13.087615] [mdnie lite] mDNIe_Set_Mode start , mode(0), background(1)
[   13.087646] [mdnie lite]  = UI MODE =
[   13.087646] [mdnie lite]  = STANDARD MODE =
[   13.087677] [mdnie lite]  send tuning cmd!!
[   13.137451] [mdnie lite] mDNIe_Set_Mode end , mode(0), background(1)
[   13.824127] [mdnie lite] is negative Mode On = 0
[   13.824127] [mdnie lite] negative off when resume, tuning again!
[   13.824157] [mdnie lite] mDNIe_Set_Mode start , mode(0), background(1)
[   13.824188] [mdnie lite]  = UI MODE =
[   13.824188] [mdnie lite]  = STANDARD MODE =
[   13.824188] [mdnie lite]  send tuning cmd!!
[   13.873870] [mdnie lite] mDNIe_Set_Mode end , mode(0), background(1)
[  426.348876] SysRq : Emergency Remount R/O
[  426.976074] qup_i2c qup_i2c.2: QUP: I2C status flags :0x1300c8, irq:228
[  426.976165] qup_i2c qup_i2c.2: I2C slave addr:0x26 not connected
[  426.976348] MFD is Null
[  426.979431] Restarting system with command ''.

No errors detected
